[08-04-2024 10:49:23]:⚙ DEBUG -> Client handshake done.
[08-04-2024 10:49:23]:⚙ DEBUG -> Рукопожатие с сервером успешно
[08-04-2024 10:49:23]:⚙ DEBUG -> * connection: Upgrade
[08-04-2024 10:49:23]:⚙ DEBUG -> * upgrade: websocket
[08-04-2024 10:49:23]:⚙ DEBUG -> * sec-websocket-accept: 80evL6Z9NpL5A6lM5aX3NN/kk9I=
[08-04-2024 10:49:28]:⚙ DEBUG -> получено сообщение pong true
[08-04-2024 10:49:33]:⚙ DEBUG -> получено сообщение pong true
[08-04-2024 10:49:38]:⚙ DEBUG -> получено сообщение pong true
[08-04-2024 10:49:43]:⚙ DEBUG -> получено сообщение pong true
[08-04-2024 10:49:48]:⚙ DEBUG -> получено сообщение pong true
[08-04-2024 10:49:53]:⚙ DEBUG -> получено сообщение pong true
[08-04-2024 11:26:21]:⚙ DEBUG -> Старт сервера websocket...
[08-04-2024 11:26:21]:⚙ DEBUG -> Websocet доступен на : 127.0.0.1:3010
[08-04-2024 11:26:32]:⚙ DEBUG -> Получен новый ws handshake от 127.0.0.1:51314
[08-04-2024 11:26:32]:⚙ DEBUG -> Путь запроса: /
[08-04-2024 11:26:32]:⚙ DEBUG -> Хэдеры запроса:
[08-04-2024 11:26:32]:⚙ DEBUG -> * host: "127.0.0.1:3010"
[08-04-2024 11:26:32]:⚙ DEBUG -> * connection: "Upgrade"
[08-04-2024 11:26:32]:⚙ DEBUG -> * upgrade: "websocket"
[08-04-2024 11:26:32]:⚙ DEBUG -> * sec-websocket-version: "13"
[08-04-2024 11:26:32]:⚙ DEBUG -> * sec-websocket-key: "VFX3D9/GBI5ew6IGoXtwkw=="
[08-04-2024 11:26:32]:⚙ DEBUG -> Server handshake done.
[08-04-2024 11:26:32]:⚙ DEBUG -> Client handshake done.
[08-04-2024 11:26:32]:⚙ DEBUG -> Рукопожатие с сервером успешно
[08-04-2024 11:26:32]:⚙ DEBUG -> * connection: Upgrade
[08-04-2024 11:26:32]:⚙ DEBUG -> * upgrade: websocket
[08-04-2024 11:26:32]:⚙ DEBUG -> * sec-websocket-accept: nshYS+Unc0cZFRySBhOS++uneDc=
[08-04-2024 11:26:37]:⚙ DEBUG -> Сервером получено сообщение ping
[08-04-2024 11:26:37]:⚙ DEBUG -> получено сообщение pong true
[08-04-2024 11:26:42]:⚙ DEBUG -> Сервером получено сообщение ping
[08-04-2024 11:26:42]:⚙ DEBUG -> получено сообщение pong true
[08-04-2024 11:26:47]:⚙ DEBUG -> Сервером получено сообщение ping
[08-04-2024 11:26:47]:⚙ DEBUG -> получено сообщение pong true
[08-04-2024 11:26:52]:⚙ DEBUG -> Сервером получено сообщение ping
[08-04-2024 11:26:52]:⚙ DEBUG -> получено сообщение pong true
[08-04-2024 11:26:54]:⚙ DEBUG -> Клиент 127.0.0.1:51314 отсоединен
[08-04-2024 11:28:10]:⚙ DEBUG -> Получен новый ws handshake от 127.0.0.1:47144
[08-04-2024 11:28:10]:⚙ DEBUG -> Путь запроса: /
[08-04-2024 11:28:10]:⚙ DEBUG -> Хэдеры запроса:
[08-04-2024 11:28:10]:⚙ DEBUG -> * host: "127.0.0.1:3010"
[08-04-2024 11:28:10]:⚙ DEBUG -> * connection: "Upgrade"
[08-04-2024 11:28:10]:⚙ DEBUG -> * upgrade: "websocket"
[08-04-2024 11:28:10]:⚙ DEBUG -> * sec-websocket-version: "13"
[08-04-2024 11:28:10]:⚙ DEBUG -> * sec-websocket-key: "Q1sKwax9xlg0Lg5+Z0Sl1A=="
[08-04-2024 11:28:10]:⚙ DEBUG -> Server handshake done.
[08-04-2024 11:28:10]:⚙ DEBUG -> Client handshake done.
[08-04-2024 11:28:10]:⚙ DEBUG -> Рукопожатие с сервером успешно
[08-04-2024 11:28:10]:⚙ DEBUG -> * connection: Upgrade
[08-04-2024 11:28:10]:⚙ DEBUG -> * upgrade: websocket
[08-04-2024 11:28:10]:⚙ DEBUG -> * sec-websocket-accept: 91mLh79l5gQbRpmL1kDow7a2iJk=
[08-04-2024 11:28:15]:⚙ DEBUG -> Сервером получено сообщение ping
[08-04-2024 11:28:15]:⚙ DEBUG -> получено сообщение pong true
[08-04-2024 11:28:20]:⚙ DEBUG -> Сервером получено сообщение ping
[08-04-2024 11:28:20]:⚙ DEBUG -> получено сообщение pong true
[08-04-2024 11:28:25]:⚙ DEBUG -> Сервером получено сообщение ping
[08-04-2024 11:28:25]:⚙ DEBUG -> получено сообщение pong true
[08-04-2024 11:28:30]:⚙ DEBUG -> Сервером получено сообщение ping
[08-04-2024 11:28:30]:⚙ DEBUG -> получено сообщение pong true
[08-04-2024 11:28:35]:⚙ DEBUG -> Сервером получено сообщение ping
[08-04-2024 11:28:35]:⚙ DEBUG -> получено сообщение pong true
[08-04-2024 11:28:40]:⚙ DEBUG -> Сервером получено сообщение ping
[08-04-2024 11:28:40]:⚙ DEBUG -> получено сообщение pong true
[08-04-2024 11:28:45]:⚙ DEBUG -> Сервером получено сообщение ping
[08-04-2024 11:28:45]:⚙ DEBUG -> получено сообщение pong true
[08-04-2024 11:28:50]:⚙ DEBUG -> Сервером получено сообщение ping
[08-04-2024 11:28:50]:⚙ DEBUG -> получено сообщение pong true
[08-04-2024 11:28:55]:⚙ DEBUG -> Сервером получено сообщение ping
[08-04-2024 11:28:55]:⚙ DEBUG -> получено сообщение pong true
[08-04-2024 11:29:00]:⚙ DEBUG -> Сервером получено сообщение ping
[08-04-2024 11:29:00]:⚙ DEBUG -> получено сообщение pong true
[08-04-2024 11:29:05]:⚙ DEBUG -> Сервером получено сообщение ping
[08-04-2024 11:29:05]:⚙ DEBUG -> получено сообщение pong true
[08-04-2024 11:29:10]:⚙ DEBUG -> Сервером получено сообщение ping
[08-04-2024 11:29:10]:⚙ DEBUG -> получено сообщение pong true
[08-04-2024 11:29:15]:⚙ DEBUG -> Сервером получено сообщение ping
[08-04-2024 11:29:15]:⚙ DEBUG -> получено сообщение pong true
[08-04-2024 11:29:20]:⚙ DEBUG -> Сервером получено сообщение ping
[08-04-2024 11:29:20]:⚙ DEBUG -> получено сообщение pong true
[08-04-2024 11:29:25]:⚙ DEBUG -> Сервером получено сообщение ping
[08-04-2024 11:29:25]:⚙ DEBUG -> получено сообщение pong true
[08-04-2024 11:29:30]:⚙ DEBUG -> Сервером получено сообщение ping
[08-04-2024 11:29:30]:⚙ DEBUG -> получено сообщение pong true
[08-04-2024 11:29:35]:⚙ DEBUG -> Сервером получено сообщение ping
[08-04-2024 11:29:35]:⚙ DEBUG -> получено сообщение pong true
[08-04-2024 11:29:40]:⚙ DEBUG -> Сервером получено сообщение ping
[08-04-2024 11:29:40]:⚙ DEBUG -> получено сообщение pong true
[08-04-2024 11:29:45]:⚙ DEBUG -> Сервером получено сообщение ping
[08-04-2024 11:29:45]:⚙ DEBUG -> получено сообщение pong true
[08-04-2024 11:29:50]:⚙ DEBUG -> Сервером получено сообщение ping
[08-04-2024 11:29:50]:⚙ DEBUG -> получено сообщение pong true
[08-04-2024 11:29:55]:⚙ DEBUG -> Сервером получено сообщение ping
[08-04-2024 11:29:55]:⚙ DEBUG -> получено сообщение pong true
[08-04-2024 11:30:00]:⚙ DEBUG -> Сервером получено сообщение ping
[08-04-2024 11:30:00]:⚙ DEBUG -> получено сообщение pong true
[08-04-2024 11:30:05]:⚙ DEBUG -> Сервером получено сообщение ping
[08-04-2024 11:30:05]:⚙ DEBUG -> получено сообщение pong true
[08-04-2024 11:30:10]:⚙ DEBUG -> Сервером получено сообщение ping
[08-04-2024 11:30:10]:⚙ DEBUG -> получено сообщение pong true
[08-04-2024 11:30:15]:⚙ DEBUG -> Сервером получено сообщение ping
[08-04-2024 11:30:15]:⚙ DEBUG -> получено сообщение pong true
[08-04-2024 11:30:20]:⚙ DEBUG -> Сервером получено сообщение ping
[08-04-2024 11:30:20]:⚙ DEBUG -> получено сообщение pong true
[08-04-2024 11:30:25]:⚙ DEBUG -> Сервером получено сообщение ping
[08-04-2024 11:30:25]:⚙ DEBUG -> получено сообщение pong true
[08-04-2024 11:30:30]:⚙ DEBUG -> Сервером получено сообщение ping
[08-04-2024 11:30:30]:⚙ DEBUG -> получено сообщение pong true
[08-04-2024 11:30:35]:⚙ DEBUG -> Сервером получено сообщение ping
[08-04-2024 11:30:35]:⚙ DEBUG -> получено сообщение pong true
[08-04-2024 11:30:40]:⚙ DEBUG -> Сервером получено сообщение ping
[08-04-2024 11:30:40]:⚙ DEBUG -> получено сообщение pong true
[08-04-2024 11:30:45]:⚙ DEBUG -> Сервером получено сообщение ping
[08-04-2024 11:30:45]:⚙ DEBUG -> получено сообщение pong true
[08-04-2024 11:30:50]:⚙ DEBUG -> Сервером получено сообщение ping
[08-04-2024 11:30:50]:⚙ DEBUG -> получено сообщение pong true
[08-04-2024 11:30:55]:⚙ DEBUG -> Сервером получено сообщение ping
[08-04-2024 11:30:55]:⚙ DEBUG -> получено сообщение pong true
[08-04-2024 11:30:59]:⚙ DEBUG -> Клиент 127.0.0.1:47144 отсоединен
[08-04-2024 11:30:59]:⚙ DEBUG -> Получен новый ws handshake от 127.0.0.1:40660
[08-04-2024 11:30:59]:⚙ DEBUG -> Путь запроса: /
[08-04-2024 11:30:59]:⚙ DEBUG -> Хэдеры запроса:
[08-04-2024 11:30:59]:⚙ DEBUG -> * host: "127.0.0.1:3010"
[08-04-2024 11:30:59]:⚙ DEBUG -> * connection: "Upgrade"
[08-04-2024 11:30:59]:⚙ DEBUG -> * upgrade: "websocket"
[08-04-2024 11:30:59]:⚙ DEBUG -> * sec-websocket-version: "13"
[08-04-2024 11:30:59]:⚙ DEBUG -> * sec-websocket-key: "yS/YbbXL2bJB1lHHyIb7JQ=="
[08-04-2024 11:30:59]:⚙ DEBUG -> Server handshake done.
[08-04-2024 11:31:31]:⚙ DEBUG -> Клиент 127.0.0.1:40660 отсоединен
[08-04-2024 11:31:31]:⚙ DEBUG -> Получен новый ws handshake от 127.0.0.1:34962
[08-04-2024 11:31:31]:⚙ DEBUG -> Путь запроса: /
[08-04-2024 11:31:31]:⚙ DEBUG -> Хэдеры запроса:
[08-04-2024 11:31:31]:⚙ DEBUG -> * host: "127.0.0.1:3010"
[08-04-2024 11:31:31]:⚙ DEBUG -> * connection: "Upgrade"
[08-04-2024 11:31:31]:⚙ DEBUG -> * upgrade: "websocket"
[08-04-2024 11:31:31]:⚙ DEBUG -> * sec-websocket-version: "13"
[08-04-2024 11:31:31]:⚙ DEBUG -> * sec-websocket-key: "GIH/H/6H1ZhBWlV1rhdY5w=="
[08-04-2024 11:31:31]:⚙ DEBUG -> Server handshake done.
[08-04-2024 11:31:31]:⚙ DEBUG -> Клиент 127.0.0.1:34962 отсоединен
[08-04-2024 11:39:27]:⚙ DEBUG -> Старт сервера websocket...
[08-04-2024 11:39:27]:⚙ DEBUG -> Websocet доступен на : 127.0.0.1:3010
[08-04-2024 11:39:52]:⚙ DEBUG -> Получен новый ws handshake от 127.0.0.1:34918
[08-04-2024 11:39:52]:⚙ DEBUG -> Путь запроса: /
[08-04-2024 11:39:52]:⚙ DEBUG -> Хэдеры запроса:
[08-04-2024 11:39:52]:⚙ DEBUG -> * host: "127.0.0.1:3010"
[08-04-2024 11:39:52]:⚙ DEBUG -> * connection: "Upgrade"
[08-04-2024 11:39:52]:⚙ DEBUG -> * upgrade: "websocket"
[08-04-2024 11:39:52]:⚙ DEBUG -> * sec-websocket-version: "13"
[08-04-2024 11:39:52]:⚙ DEBUG -> * sec-websocket-key: "Vgx5kz9K30lWG0aDWhfWBw=="
[08-04-2024 11:39:52]:⚙ DEBUG -> Server handshake done.
[08-04-2024 11:42:33]:⚙ DEBUG -> Получен новый ws handshake от 127.0.0.1:40600
[08-04-2024 11:42:33]:⚙ DEBUG -> Путь запроса: /
[08-04-2024 11:42:33]:⚙ DEBUG -> Хэдеры запроса:
[08-04-2024 11:42:33]:⚙ DEBUG -> * host: "127.0.0.1:3010"
[08-04-2024 11:42:33]:⚙ DEBUG -> * connection: "Upgrade"
[08-04-2024 11:42:33]:⚙ DEBUG -> * upgrade: "websocket"
[08-04-2024 11:42:33]:⚙ DEBUG -> * sec-websocket-version: "13"
[08-04-2024 11:42:33]:⚙ DEBUG -> * sec-websocket-key: "9XCbv2dvFHDp+fEJmoALLQ=="
[08-04-2024 11:42:33]:⚙ DEBUG -> Server handshake done.
[08-04-2024 11:42:33]:⚙ DEBUG -> Client handshake done.
[08-04-2024 11:42:33]:⚙ DEBUG -> Рукопожатие с сервером успешно
[08-04-2024 11:42:33]:⚙ DEBUG -> * connection: Upgrade
[08-04-2024 11:42:33]:⚙ DEBUG -> * upgrade: websocket
[08-04-2024 11:42:33]:⚙ DEBUG -> * sec-websocket-accept: ruWbnQXwjfTY4nNPaYFcuRYWEtk=
[08-04-2024 11:42:38]:⚙ DEBUG -> Сервером получено сообщение ping
[08-04-2024 11:42:38]:⚙ DEBUG -> получено сообщение pong true
[08-04-2024 11:42:43]:⚙ DEBUG -> Сервером получено сообщение ping
[08-04-2024 11:42:43]:⚙ DEBUG -> получено сообщение pong true
[08-04-2024 11:42:48]:⚙ DEBUG -> Сервером получено сообщение ping
[08-04-2024 11:42:48]:⚙ DEBUG -> получено сообщение pong true
[08-04-2024 11:42:53]:⚙ DEBUG -> Сервером получено сообщение ping
[08-04-2024 11:42:53]:⚙ DEBUG -> получено сообщение pong true
[08-04-2024 11:42:58]:⚙ DEBUG -> Сервером получено сообщение ping
[08-04-2024 11:42:58]:⚙ DEBUG -> получено сообщение pong true
[08-04-2024 11:43:03]:⚙ DEBUG -> Сервером получено сообщение ping
[08-04-2024 11:43:03]:⚙ DEBUG -> получено сообщение pong true
[08-04-2024 11:43:08]:⚙ DEBUG -> Сервером получено сообщение ping
[08-04-2024 11:43:08]:⚙ DEBUG -> получено сообщение pong true
[08-04-2024 11:43:13]:⚙ DEBUG -> Сервером получено сообщение ping
[08-04-2024 11:43:13]:⚙ DEBUG -> получено сообщение pong true
[08-04-2024 11:43:14]:⚙ DEBUG -> Клиент 127.0.0.1:40600 отсоединен
[08-04-2024 12:16:03]:⚙ DEBUG -> Client handshake done.
[08-04-2024 12:16:03]:⚙ DEBUG -> Рукопожатие с сервером успешно
[08-04-2024 12:16:03]:⚙ DEBUG -> * connection: Upgrade
[08-04-2024 12:16:03]:⚙ DEBUG -> * upgrade: websocket
[08-04-2024 12:16:03]:⚙ DEBUG -> * sec-websocket-accept: RQnBYZ9ViEPTa8dSlsR61Lo8QOw=
[08-04-2024 12:16:08]:⚙ DEBUG -> получено сообщение pong true
[08-04-2024 12:16:13]:⚙ DEBUG -> получено сообщение pong true
[08-04-2024 12:16:18]:⚙ DEBUG -> получено сообщение pong true
[08-04-2024 12:16:23]:⚙ DEBUG -> получено сообщение pong true
[08-04-2024 12:19:58]:⚙ DEBUG -> Client handshake done.
[08-04-2024 12:19:58]:⚙ DEBUG -> Рукопожатие с сервером успешно
[08-04-2024 12:19:58]:⚙ DEBUG -> * connection: Upgrade
[08-04-2024 12:19:58]:⚙ DEBUG -> * upgrade: websocket
[08-04-2024 12:19:58]:⚙ DEBUG -> * sec-websocket-accept: vqYEPNos2s/g3ww/bW1P8qODyI4=
[08-04-2024 12:20:03]:⚙ DEBUG -> получено сообщение pong true
[08-04-2024 12:20:08]:⚙ DEBUG -> получено сообщение pong true
[08-04-2024 12:20:13]:⚙ DEBUG -> получено сообщение pong true
[08-04-2024 12:20:18]:⚙ DEBUG -> получено сообщение pong true
[08-04-2024 12:20:23]:⚙ DEBUG -> получено сообщение pong true
[08-04-2024 12:20:28]:⚙ DEBUG -> получено сообщение pong true
[08-04-2024 12:20:33]:⚙ DEBUG -> получено сообщение pong true
[08-04-2024 12:27:43]:⚙ DEBUG -> Client handshake done.
[08-04-2024 12:27:43]:⚙ DEBUG -> Рукопожатие с сервером успешно
[08-04-2024 12:27:43]:⚙ DEBUG -> * connection: Upgrade
[08-04-2024 12:27:43]:⚙ DEBUG -> * upgrade: websocket
[08-04-2024 12:27:43]:⚙ DEBUG -> * sec-websocket-accept: 4u0l9D2vA/4D0aqg6gjglYOSMWw=
[08-04-2024 12:27:48]:⚙ DEBUG -> получено сообщение pong true
[08-04-2024 12:27:52]:⚙ DEBUG -> получено сообщение pong true
[08-04-2024 12:27:57]:⚙ DEBUG -> получено сообщение pong true
[08-04-2024 12:28:02]:⚙ DEBUG -> получено сообщение pong true
[08-04-2024 12:28:07]:⚙ DEBUG -> получено сообщение pong true
[08-04-2024 12:28:12]:⚙ DEBUG -> получено сообщение pong true
[08-04-2024 12:28:17]:⚙ DEBUG -> получено сообщение pong true
[08-04-2024 12:28:22]:⚙ DEBUG -> получено сообщение pong true
[08-04-2024 12:28:45]:⚙ DEBUG -> получено сообщение pong true
[08-04-2024 12:28:45]:⚙ DEBUG -> получено сообщение pong true
[08-04-2024 12:28:45]:⚙ DEBUG -> получено сообщение pong true
[08-04-2024 12:28:45]:⚙ DEBUG -> получено сообщение pong true
[08-04-2024 12:28:47]:⚙ DEBUG -> получено сообщение pong true
[08-04-2024 13:05:25]:⚙ DEBUG -> Client handshake done.
[08-04-2024 13:05:25]:⚙ DEBUG -> Рукопожатие с сервером успешно
[08-04-2024 13:05:25]:⚙ DEBUG -> * connection: Upgrade
[08-04-2024 13:05:25]:⚙ DEBUG -> * upgrade: websocket
[08-04-2024 13:05:25]:⚙ DEBUG -> * sec-websocket-accept: +lrx1m1ZxDyG5zqCihtVOtu8RMw=
[08-04-2024 13:05:30]:⚙ DEBUG -> получено сообщение pong true
[08-04-2024 13:05:35]:⚙ DEBUG -> получено сообщение pong true
[08-04-2024 13:05:40]:⚙ DEBUG -> получено сообщение pong true
[08-04-2024 13:05:45]:⚙ DEBUG -> получено сообщение pong true
[08-04-2024 13:39:49]:⚙ DEBUG -> Старт сервера websocket...
[08-04-2024 13:39:49]:⚙ DEBUG -> Websocet доступен на : 127.0.0.1:3010
