[09-04-2024 09:23:54]:⚙ DEBUG -> Client handshake done.
[09-04-2024 09:23:54]:⚙ DEBUG -> Рукопожатие с сервером успешно
[09-04-2024 09:23:54]:⚙ DEBUG -> * connection: Upgrade
[09-04-2024 09:23:54]:⚙ DEBUG -> * upgrade: websocket
[09-04-2024 09:23:54]:⚙ DEBUG -> * sec-websocket-accept: gNTMMKUfdT5jomOD8rQXQ/M9cyg=
[09-04-2024 09:23:59]:⚙ DEBUG -> Клиентом получено сообщение  Pong([12])
[09-04-2024 09:23:59]:⚙ DEBUG -> Клиентом получено сообщение pong true
[09-04-2024 09:24:04]:⚙ DEBUG -> Клиентом получено сообщение  Pong([12])
[09-04-2024 09:24:04]:⚙ DEBUG -> Клиентом получено сообщение pong true
[09-04-2024 09:24:07]:⚙ DEBUG -> Клиентом получено сообщение  Binary([115, 117, 99, 99, 101, 115, 115, 0, 99, 111, 109, 109, 97, 110, 100, 0, 116, 97, 114, 103, 101, 116, 0, 28, 209, 130, 208, 181, 209, 129, 209, 130, 32, 208, 190, 209, 130, 32, 209, 129, 208, 181, 209, 128, 208, 178, 208, 181, 209, 128, 208, 176, 0, 109, 101, 116, 104, 111, 100, 0, 4, 112, 105, 110, 103, 0, 2, 14, 52, 2, 1, 2, 11, 49, 20, 20, 2, 69, 78, 2, 1, 2, 10, 1, 36, 104, 4, 36, 1])
[09-04-2024 09:24:07]:⚙ DEBUG -> клиенту поступило новое сообщение WebsocketMessage { success: true, command: Command { target: "тест от сервера", method: "ping", args: None, payload: None } }
[09-04-2024 09:24:09]:⚙ DEBUG -> Клиентом получено сообщение  Pong([12])
[09-04-2024 09:24:10]:⚙ DEBUG -> Клиентом получено сообщение pong true
[09-04-2024 09:24:14]:⚙ DEBUG -> Клиентом получено сообщение  Pong([12])
[09-04-2024 09:24:14]:⚙ DEBUG -> Клиентом получено сообщение pong true
[09-04-2024 09:24:19]:⚙ DEBUG -> Клиентом получено сообщение  Pong([12])
[09-04-2024 09:24:19]:⚙ DEBUG -> Клиентом получено сообщение pong true
[09-04-2024 09:24:22]:⚙ DEBUG -> Клиентом получено сообщение  Binary([115, 117, 99, 99, 101, 115, 115, 0, 99, 111, 109, 109, 97, 110, 100, 0, 116, 97, 114, 103, 101, 116, 0, 28, 209, 130, 208, 181, 209, 129, 209, 130, 32, 208, 190, 209, 130, 32, 209, 129, 208, 181, 209, 128, 208, 178, 208, 181, 209, 128, 208, 176, 0, 109, 101, 116, 104, 111, 100, 0, 4, 112, 105, 110, 103, 0, 2, 14, 52, 2, 1, 2, 11, 49, 20, 20, 2, 69, 78, 2, 1, 2, 10, 1, 36, 104, 4, 36, 1])
[09-04-2024 09:24:22]:⚙ DEBUG -> клиенту поступило новое сообщение WebsocketMessage { success: true, command: Command { target: "тест от сервера", method: "ping", args: None, payload: None } }
[09-04-2024 09:24:24]:⚙ DEBUG -> Клиентом получено сообщение  Pong([12])
[09-04-2024 09:24:24]:⚙ DEBUG -> Клиентом получено сообщение pong true
[09-04-2024 09:24:29]:⚙ DEBUG -> Клиентом получено сообщение  Pong([12])
[09-04-2024 09:24:29]:⚙ DEBUG -> Клиентом получено сообщение pong true
[09-04-2024 09:24:34]:⚙ DEBUG -> Клиентом получено сообщение  Pong([12])
[09-04-2024 09:24:34]:⚙ DEBUG -> Клиентом получено сообщение pong true
[09-04-2024 09:24:37]:⚙ DEBUG -> Клиентом получено сообщение  Binary([115, 117, 99, 99, 101, 115, 115, 0, 99, 111, 109, 109, 97, 110, 100, 0, 116, 97, 114, 103, 101, 116, 0, 28, 209, 130, 208, 181, 209, 129, 209, 130, 32, 208, 190, 209, 130, 32, 209, 129, 208, 181, 209, 128, 208, 178, 208, 181, 209, 128, 208, 176, 0, 109, 101, 116, 104, 111, 100, 0, 4, 112, 105, 110, 103, 0, 2, 14, 52, 2, 1, 2, 11, 49, 20, 20, 2, 69, 78, 2, 1, 2, 10, 1, 36, 104, 4, 36, 1])
[09-04-2024 09:24:37]:⚙ DEBUG -> клиенту поступило новое сообщение WebsocketMessage { success: true, command: Command { target: "тест от сервера", method: "ping", args: None, payload: None } }
[09-04-2024 09:24:39]:⚙ DEBUG -> Клиентом получено сообщение  Pong([12])
[09-04-2024 09:24:39]:⚙ DEBUG -> Клиентом получено сообщение pong true
[09-04-2024 09:24:44]:⚙ DEBUG -> Клиентом получено сообщение  Pong([12])
[09-04-2024 09:24:44]:⚙ DEBUG -> Клиентом получено сообщение pong true
[09-04-2024 09:24:49]:⚙ DEBUG -> Клиентом получено сообщение  Pong([12])
[09-04-2024 09:24:49]:⚙ DEBUG -> Клиентом получено сообщение pong true
[09-04-2024 09:24:52]:⚙ DEBUG -> Клиентом получено сообщение  Binary([115, 117, 99, 99, 101, 115, 115, 0, 99, 111, 109, 109, 97, 110, 100, 0, 116, 97, 114, 103, 101, 116, 0, 28, 209, 130, 208, 181, 209, 129, 209, 130, 32, 208, 190, 209, 130, 32, 209, 129, 208, 181, 209, 128, 208, 178, 208, 181, 209, 128, 208, 176, 0, 109, 101, 116, 104, 111, 100, 0, 4, 112, 105, 110, 103, 0, 2, 14, 52, 2, 1, 2, 11, 49, 20, 20, 2, 69, 78, 2, 1, 2, 10, 1, 36, 104, 4, 36, 1])
[09-04-2024 09:24:52]:⚙ DEBUG -> клиенту поступило новое сообщение WebsocketMessage { success: true, command: Command { target: "тест от сервера", method: "ping", args: None, payload: None } }
[09-04-2024 09:24:54]:⚙ DEBUG -> Клиентом получено сообщение  Pong([12])
[09-04-2024 09:24:54]:⚙ DEBUG -> Клиентом получено сообщение pong true
[09-04-2024 09:24:59]:⚙ DEBUG -> Клиентом получено сообщение  Pong([12])
[09-04-2024 09:24:59]:⚙ DEBUG -> Клиентом получено сообщение pong true
[09-04-2024 09:25:04]:⚙ DEBUG -> Клиентом получено сообщение  Pong([12])
[09-04-2024 09:25:04]:⚙ DEBUG -> Клиентом получено сообщение pong true
[09-04-2024 09:25:07]:⚙ DEBUG -> Клиентом получено сообщение  Binary([115, 117, 99, 99, 101, 115, 115, 0, 99, 111, 109, 109, 97, 110, 100, 0, 116, 97, 114, 103, 101, 116, 0, 28, 209, 130, 208, 181, 209, 129, 209, 130, 32, 208, 190, 209, 130, 32, 209, 129, 208, 181, 209, 128, 208, 178, 208, 181, 209, 128, 208, 176, 0, 109, 101, 116, 104, 111, 100, 0, 4, 112, 105, 110, 103, 0, 2, 14, 52, 2, 1, 2, 11, 49, 20, 20, 2, 69, 78, 2, 1, 2, 10, 1, 36, 104, 4, 36, 1])
[09-04-2024 09:25:07]:⚙ DEBUG -> клиенту поступило новое сообщение WebsocketMessage { success: true, command: Command { target: "тест от сервера", method: "ping", args: None, payload: None } }
[09-04-2024 09:25:28]:⚙ DEBUG -> Клиентом получено сообщение  Pong([12])
[09-04-2024 09:25:28]:⚙ DEBUG -> Клиентом получено сообщение pong true
[09-04-2024 09:25:28]:⚙ DEBUG -> Клиентом получено сообщение  Pong([12])
[09-04-2024 09:25:28]:⚙ DEBUG -> Клиентом получено сообщение pong true
[09-04-2024 09:25:28]:⚙ DEBUG -> Клиентом получено сообщение  Pong([12])
[09-04-2024 09:25:28]:⚙ DEBUG -> Клиентом получено сообщение pong true
[09-04-2024 09:25:28]:⚙ DEBUG -> Клиентом получено сообщение  Pong([12])
[09-04-2024 09:25:28]:⚙ DEBUG -> Клиентом получено сообщение pong true
[09-04-2024 09:25:28]:⚙ DEBUG -> Клиентом получено сообщение  Binary([115, 117, 99, 99, 101, 115, 115, 0, 99, 111, 109, 109, 97, 110, 100, 0, 116, 97, 114, 103, 101, 116, 0, 28, 209, 130, 208, 181, 209, 129, 209, 130, 32, 208, 190, 209, 130, 32, 209, 129, 208, 181, 209, 128, 208, 178, 208, 181, 209, 128, 208, 176, 0, 109, 101, 116, 104, 111, 100, 0, 4, 112, 105, 110, 103, 0, 2, 14, 52, 2, 1, 2, 11, 49, 20, 20, 2, 69, 78, 2, 1, 2, 10, 1, 36, 104, 4, 36, 1])
[09-04-2024 09:25:28]:⚙ DEBUG -> клиенту поступило новое сообщение WebsocketMessage { success: true, command: Command { target: "тест от сервера", method: "ping", args: None, payload: None } }
[09-04-2024 09:25:29]:⚙ DEBUG -> Клиентом получено сообщение  Pong([12])
[09-04-2024 09:25:29]:⚙ DEBUG -> Клиентом получено сообщение pong true
[09-04-2024 09:40:38]:⚙ DEBUG -> Client handshake done.
[09-04-2024 09:40:38]:⚙ DEBUG -> Рукопожатие с сервером успешно
[09-04-2024 09:40:38]:⚙ DEBUG -> * connection: Upgrade
[09-04-2024 09:40:38]:⚙ DEBUG -> * upgrade: websocket
[09-04-2024 09:40:38]:⚙ DEBUG -> * sec-websocket-accept: QLauDLkJKWBcEFWxRj6o3nR8rS8=
[09-04-2024 09:40:49]:⚙ DEBUG -> клиенту поступило новое сообщение WebsocketMessage { success: true, command: Command { target: "тест от сервера", method: "ping", args: None, payload: None } }
[09-04-2024 09:41:04]:⚙ DEBUG -> клиенту поступило новое сообщение WebsocketMessage { success: true, command: Command { target: "тест от сервера", method: "ping", args: None, payload: None } }
[09-04-2024 09:41:19]:⚙ DEBUG -> клиенту поступило новое сообщение WebsocketMessage { success: true, command: Command { target: "тест от сервера", method: "ping", args: None, payload: None } }
[09-04-2024 09:41:34]:⚙ DEBUG -> клиенту поступило новое сообщение WebsocketMessage { success: true, command: Command { target: "тест от сервера", method: "ping", args: None, payload: None } }
[09-04-2024 09:41:55]:⚙ DEBUG -> клиенту поступило новое сообщение WebsocketMessage { success: true, command: Command { target: "тест от сервера", method: "ping", args: None, payload: None } }
[09-04-2024 09:42:39]:❌ Ошибка -> Ошибка чтения сообщения! IO error: Connection reset by peer (os error 104) -> 🔍[src/client.rs/{{closure}}():82]
[09-04-2024 09:46:36]:⚙ DEBUG -> Старт сервера websocket...
[09-04-2024 09:46:36]:⚙ DEBUG -> Websocet доступен на : 127.0.0.1:3010
[09-04-2024 09:46:41]:⚙ DEBUG -> Получен новый ws handshake от 127.0.0.1:34968
[09-04-2024 09:46:41]:⚙ DEBUG -> Путь запроса: /
[09-04-2024 09:46:41]:⚙ DEBUG -> Хэдеры запроса:
[09-04-2024 09:46:41]:⚙ DEBUG -> * host: "127.0.0.1:3010"
[09-04-2024 09:46:41]:⚙ DEBUG -> * connection: "Upgrade"
[09-04-2024 09:46:41]:⚙ DEBUG -> * upgrade: "websocket"
[09-04-2024 09:46:41]:⚙ DEBUG -> * sec-websocket-version: "13"
[09-04-2024 09:46:41]:⚙ DEBUG -> * sec-websocket-key: "IaNLDLskmdI6ZchT70zLNw=="
[09-04-2024 09:46:41]:⚙ DEBUG -> Server handshake done.
[09-04-2024 09:46:41]:⚙ DEBUG -> Получен новый ws handshake от 127.0.0.1:34972
[09-04-2024 09:46:41]:⚙ DEBUG -> Путь запроса: /
[09-04-2024 09:46:41]:⚙ DEBUG -> Хэдеры запроса:
[09-04-2024 09:46:41]:⚙ DEBUG -> * host: "127.0.0.1:3010"
[09-04-2024 09:46:41]:⚙ DEBUG -> * connection: "Upgrade"
[09-04-2024 09:46:41]:⚙ DEBUG -> * upgrade: "websocket"
[09-04-2024 09:46:41]:⚙ DEBUG -> * sec-websocket-version: "13"
[09-04-2024 09:46:41]:⚙ DEBUG -> * sec-websocket-key: "RPsDXEDwaka7kWrAB5zESg=="
[09-04-2024 09:46:41]:⚙ DEBUG -> Server handshake done.
[09-04-2024 09:46:41]:⚙ DEBUG -> Получен новый ws handshake от 127.0.0.1:34988
[09-04-2024 09:46:41]:⚙ DEBUG -> Путь запроса: /
[09-04-2024 09:46:41]:⚙ DEBUG -> Хэдеры запроса:
[09-04-2024 09:46:41]:⚙ DEBUG -> * host: "127.0.0.1:3010"
[09-04-2024 09:46:41]:⚙ DEBUG -> * connection: "Upgrade"
[09-04-2024 09:46:41]:⚙ DEBUG -> * upgrade: "websocket"
[09-04-2024 09:46:41]:⚙ DEBUG -> * sec-websocket-version: "13"
[09-04-2024 09:46:41]:⚙ DEBUG -> * sec-websocket-key: "B1Qo//+7SbAP/6vrAshmPA=="
[09-04-2024 09:46:41]:⚙ DEBUG -> Server handshake done.
[09-04-2024 09:46:41]:⚙ DEBUG -> Получен новый ws handshake от 127.0.0.1:35000
[09-04-2024 09:46:41]:⚙ DEBUG -> Путь запроса: /
[09-04-2024 09:46:41]:⚙ DEBUG -> Хэдеры запроса:
[09-04-2024 09:46:41]:⚙ DEBUG -> * host: "127.0.0.1:3010"
[09-04-2024 09:46:41]:⚙ DEBUG -> * connection: "Upgrade"
[09-04-2024 09:46:41]:⚙ DEBUG -> * upgrade: "websocket"
[09-04-2024 09:46:41]:⚙ DEBUG -> * sec-websocket-version: "13"
[09-04-2024 09:46:41]:⚙ DEBUG -> * sec-websocket-key: "HMIRSOEYynklXvVKUtd78A=="
[09-04-2024 09:46:41]:⚙ DEBUG -> Server handshake done.
[09-04-2024 09:46:41]:⚙ DEBUG -> Client handshake done.
[09-04-2024 09:46:41]:⚙ DEBUG -> Рукопожатие с сервером успешно
[09-04-2024 09:46:41]:⚙ DEBUG -> * connection: Upgrade
[09-04-2024 09:46:41]:⚙ DEBUG -> * upgrade: websocket
[09-04-2024 09:46:41]:⚙ DEBUG -> * sec-websocket-accept: +StiNqCvO+WF5kbJ9pHF6rS1pak=
[09-04-2024 09:46:41]:⚙ DEBUG -> Client handshake done.
[09-04-2024 09:46:41]:⚙ DEBUG -> Рукопожатие с сервером успешно
[09-04-2024 09:46:41]:⚙ DEBUG -> * connection: Upgrade
[09-04-2024 09:46:41]:⚙ DEBUG -> * upgrade: websocket
[09-04-2024 09:46:41]:⚙ DEBUG -> * sec-websocket-accept: 0p9pxhbXqW6x0D3/i6zHcSQZjTk=
[09-04-2024 09:46:41]:⚙ DEBUG -> Client handshake done.
[09-04-2024 09:46:41]:⚙ DEBUG -> Рукопожатие с сервером успешно
[09-04-2024 09:46:41]:⚙ DEBUG -> * connection: Upgrade
[09-04-2024 09:46:41]:⚙ DEBUG -> * upgrade: websocket
[09-04-2024 09:46:41]:⚙ DEBUG -> * sec-websocket-accept: mPFqa8jl38/UNQ2/NrZo5rCZ/DA=
[09-04-2024 09:46:41]:⚙ DEBUG -> Client handshake done.
[09-04-2024 09:46:41]:⚙ DEBUG -> Рукопожатие с сервером успешно
[09-04-2024 09:46:41]:⚙ DEBUG -> * connection: Upgrade
[09-04-2024 09:46:41]:⚙ DEBUG -> * upgrade: websocket
[09-04-2024 09:46:41]:⚙ DEBUG -> * sec-websocket-accept: Ua61346Q9BJe2aNY5s49fI4J67g=
[09-04-2024 09:46:46]:⚙ DEBUG -> Отправка веерного сообщения клиентам
[09-04-2024 09:46:46]:⚙ DEBUG -> Сообщение отправлено в канал 1
[09-04-2024 09:46:46]:⚙ DEBUG -> Сообщение отправлено в канал 1
[09-04-2024 09:46:46]:⚙ DEBUG -> Сообщение отправлено в канал 1
[09-04-2024 09:46:46]:⚙ DEBUG -> Сообщение отправлено в канал 1
[09-04-2024 09:46:46]:⚙ DEBUG -> Отправка веерного сообщения клиентам
[09-04-2024 09:46:46]:⚙ DEBUG -> Сообщение отправлено в канал 2
[09-04-2024 09:46:46]:⚙ DEBUG -> Сообщение отправлено в канал 2
[09-04-2024 09:46:46]:⚙ DEBUG -> Сообщение отправлено в канал 2
[09-04-2024 09:46:46]:⚙ DEBUG -> Сообщение отправлено в канал 2
[09-04-2024 09:46:46]:⚙ DEBUG -> Отправка веерного сообщения клиентам
[09-04-2024 09:46:46]:⚙ DEBUG -> Сообщение отправлено в канал 3
[09-04-2024 09:46:46]:⚙ DEBUG -> Сообщение отправлено в канал 3
[09-04-2024 09:46:46]:⚙ DEBUG -> Сообщение отправлено в канал 3
[09-04-2024 09:46:46]:⚙ DEBUG -> Сообщение отправлено в канал 3
[09-04-2024 09:46:46]:⚙ DEBUG -> Клиентом4 полчено сообщение через канал test_server_cmd None
[09-04-2024 09:46:46]:⚙ DEBUG -> Клиентом4 полчено сообщение через канал with_payload1 Some([110, 97, 109, 101, 0, 4, 84, 69, 83, 84, 0, 1, 12, 1, 1, 1, 10, 20, 2, 36, 1])
[09-04-2024 09:46:46]:⚙ DEBUG -> Клиентом4 полчено сообщение через канал from_spawned_task Some([110, 97, 109, 101, 0, 5, 83, 80, 65, 87, 78, 0, 1, 13, 1, 1, 1, 11, 20, 2, 36, 1])
[09-04-2024 09:46:46]:⚙ DEBUG -> Клиентом3 полчено сообщение через канал test_server_cmd None
[09-04-2024 09:46:46]:⚙ DEBUG -> Клиентом3 полчено сообщение через канал with_payload1 Some([110, 97, 109, 101, 0, 4, 84, 69, 83, 84, 0, 1, 12, 1, 1, 1, 10, 20, 2, 36, 1])
[09-04-2024 09:46:46]:⚙ DEBUG -> Клиентом3 полчено сообщение через канал from_spawned_task Some([110, 97, 109, 101, 0, 5, 83, 80, 65, 87, 78, 0, 1, 13, 1, 1, 1, 11, 20, 2, 36, 1])
[09-04-2024 09:46:46]:⚙ DEBUG -> Клиентом1 полчено сообщение через канал test_server_cmd None
[09-04-2024 09:46:46]:⚙ DEBUG -> Клиентом1 полчено сообщение через канал with_payload1 Some([110, 97, 109, 101, 0, 4, 84, 69, 83, 84, 0, 1, 12, 1, 1, 1, 10, 20, 2, 36, 1])
[09-04-2024 09:46:46]:⚙ DEBUG -> Клиентом1 полчено сообщение через канал from_spawned_task Some([110, 97, 109, 101, 0, 5, 83, 80, 65, 87, 78, 0, 1, 13, 1, 1, 1, 11, 20, 2, 36, 1])
[09-04-2024 09:46:46]:⚙ DEBUG -> Клиентом2 полчено сообщение через канал test_server_cmd None
[09-04-2024 09:46:46]:⚙ DEBUG -> Клиентом2 полчено сообщение через канал with_payload1 Some([110, 97, 109, 101, 0, 4, 84, 69, 83, 84, 0, 1, 12, 1, 1, 1, 10, 20, 2, 36, 1])
[09-04-2024 09:46:46]:⚙ DEBUG -> Клиентом2 полчено сообщение через канал from_spawned_task Some([110, 97, 109, 101, 0, 5, 83, 80, 65, 87, 78, 0, 1, 13, 1, 1, 1, 11, 20, 2, 36, 1])
[09-04-2024 09:46:46]:⚙ DEBUG -> Сервером получено сообщение от клиента 127.0.0.1:34968 через канал test_client_cmd
[09-04-2024 09:46:51]:⚙ DEBUG -> Отправка веерного сообщения клиентам
[09-04-2024 09:46:51]:⚙ DEBUG -> Сообщение отправлено в канал 1
[09-04-2024 09:46:51]:⚙ DEBUG -> Сообщение отправлено в канал 1
[09-04-2024 09:46:51]:⚙ DEBUG -> Сообщение отправлено в канал 1
[09-04-2024 09:46:51]:⚙ DEBUG -> Сообщение отправлено в канал 1
[09-04-2024 09:46:51]:⚙ DEBUG -> Отправка веерного сообщения клиентам
[09-04-2024 09:46:51]:⚙ DEBUG -> Сообщение отправлено в канал 2
[09-04-2024 09:46:51]:⚙ DEBUG -> Сообщение отправлено в канал 2
[09-04-2024 09:46:51]:⚙ DEBUG -> Сообщение отправлено в канал 2
[09-04-2024 09:46:51]:⚙ DEBUG -> Сообщение отправлено в канал 2
[09-04-2024 09:46:51]:⚙ DEBUG -> Отправка веерного сообщения клиентам
[09-04-2024 09:46:51]:⚙ DEBUG -> Сообщение отправлено в канал 3
[09-04-2024 09:46:51]:⚙ DEBUG -> Сообщение отправлено в канал 3
[09-04-2024 09:46:51]:⚙ DEBUG -> Сообщение отправлено в канал 3
[09-04-2024 09:46:51]:⚙ DEBUG -> Сообщение отправлено в канал 3
[09-04-2024 09:46:51]:⚙ DEBUG -> Клиентом4 полчено сообщение через канал test_server_cmd None
[09-04-2024 09:46:51]:⚙ DEBUG -> Клиентом4 полчено сообщение через канал with_payload1 Some([110, 97, 109, 101, 0, 4, 84, 69, 83, 84, 0, 1, 12, 1, 1, 1, 10, 20, 2, 36, 1])
[09-04-2024 09:46:51]:⚙ DEBUG -> Клиентом4 полчено сообщение через канал from_spawned_task Some([110, 97, 109, 101, 0, 5, 83, 80, 65, 87, 78, 0, 1, 13, 1, 1, 1, 11, 20, 2, 36, 1])
[09-04-2024 09:46:51]:⚙ DEBUG -> Клиентом3 полчено сообщение через канал test_server_cmd None
[09-04-2024 09:46:51]:⚙ DEBUG -> Клиентом3 полчено сообщение через канал with_payload1 Some([110, 97, 109, 101, 0, 4, 84, 69, 83, 84, 0, 1, 12, 1, 1, 1, 10, 20, 2, 36, 1])
[09-04-2024 09:46:51]:⚙ DEBUG -> Клиентом3 полчено сообщение через канал from_spawned_task Some([110, 97, 109, 101, 0, 5, 83, 80, 65, 87, 78, 0, 1, 13, 1, 1, 1, 11, 20, 2, 36, 1])
[09-04-2024 09:46:51]:⚙ DEBUG -> Клиентом1 полчено сообщение через канал test_server_cmd None
[09-04-2024 09:46:51]:⚙ DEBUG -> Клиентом1 полчено сообщение через канал with_payload1 Some([110, 97, 109, 101, 0, 4, 84, 69, 83, 84, 0, 1, 12, 1, 1, 1, 10, 20, 2, 36, 1])
[09-04-2024 09:46:51]:⚙ DEBUG -> Клиентом1 полчено сообщение через канал from_spawned_task Some([110, 97, 109, 101, 0, 5, 83, 80, 65, 87, 78, 0, 1, 13, 1, 1, 1, 11, 20, 2, 36, 1])
[09-04-2024 09:46:51]:⚙ DEBUG -> Клиентом2 полчено сообщение через канал test_server_cmd None
[09-04-2024 09:46:51]:⚙ DEBUG -> Клиентом2 полчено сообщение через канал with_payload1 Some([110, 97, 109, 101, 0, 4, 84, 69, 83, 84, 0, 1, 12, 1, 1, 1, 10, 20, 2, 36, 1])
[09-04-2024 09:46:51]:⚙ DEBUG -> Клиентом2 полчено сообщение через канал from_spawned_task Some([110, 97, 109, 101, 0, 5, 83, 80, 65, 87, 78, 0, 1, 13, 1, 1, 1, 11, 20, 2, 36, 1])
[09-04-2024 09:46:51]:⚙ DEBUG -> Сервером получено сообщение от клиента 127.0.0.1:34968 через канал test_client_cmd
[09-04-2024 09:46:56]:⚙ DEBUG -> Отправка веерного сообщения клиентам
[09-04-2024 09:46:56]:⚙ DEBUG -> Сообщение отправлено в канал 1
[09-04-2024 09:46:56]:⚙ DEBUG -> Сообщение отправлено в канал 1
[09-04-2024 09:46:56]:⚙ DEBUG -> Сообщение отправлено в канал 1
[09-04-2024 09:46:56]:⚙ DEBUG -> Сообщение отправлено в канал 1
[09-04-2024 09:46:56]:⚙ DEBUG -> Отправка веерного сообщения клиентам
[09-04-2024 09:46:56]:⚙ DEBUG -> Сообщение отправлено в канал 2
[09-04-2024 09:46:56]:⚙ DEBUG -> Сообщение отправлено в канал 2
[09-04-2024 09:46:56]:⚙ DEBUG -> Сообщение отправлено в канал 2
[09-04-2024 09:46:56]:⚙ DEBUG -> Сообщение отправлено в канал 2
[09-04-2024 09:46:56]:⚙ DEBUG -> Отправка веерного сообщения клиентам
[09-04-2024 09:46:56]:⚙ DEBUG -> Сообщение отправлено в канал 3
[09-04-2024 09:46:56]:⚙ DEBUG -> Сообщение отправлено в канал 3
[09-04-2024 09:46:56]:⚙ DEBUG -> Сообщение отправлено в канал 3
[09-04-2024 09:46:56]:⚙ DEBUG -> Сообщение отправлено в канал 3
[09-04-2024 09:46:56]:⚙ DEBUG -> Клиентом4 полчено сообщение через канал test_server_cmd None
[09-04-2024 09:46:56]:⚙ DEBUG -> Клиентом4 полчено сообщение через канал with_payload1 Some([110, 97, 109, 101, 0, 4, 84, 69, 83, 84, 0, 1, 12, 1, 1, 1, 10, 20, 2, 36, 1])
[09-04-2024 09:46:56]:⚙ DEBUG -> Клиентом4 полчено сообщение через канал from_spawned_task Some([110, 97, 109, 101, 0, 5, 83, 80, 65, 87, 78, 0, 1, 13, 1, 1, 1, 11, 20, 2, 36, 1])
[09-04-2024 09:46:56]:⚙ DEBUG -> Клиентом3 полчено сообщение через канал test_server_cmd None
[09-04-2024 09:46:56]:⚙ DEBUG -> Клиентом3 полчено сообщение через канал with_payload1 Some([110, 97, 109, 101, 0, 4, 84, 69, 83, 84, 0, 1, 12, 1, 1, 1, 10, 20, 2, 36, 1])
[09-04-2024 09:46:56]:⚙ DEBUG -> Клиентом3 полчено сообщение через канал from_spawned_task Some([110, 97, 109, 101, 0, 5, 83, 80, 65, 87, 78, 0, 1, 13, 1, 1, 1, 11, 20, 2, 36, 1])
[09-04-2024 09:46:56]:⚙ DEBUG -> Клиентом1 полчено сообщение через канал test_server_cmd None
[09-04-2024 09:46:56]:⚙ DEBUG -> Клиентом1 полчено сообщение через канал with_payload1 Some([110, 97, 109, 101, 0, 4, 84, 69, 83, 84, 0, 1, 12, 1, 1, 1, 10, 20, 2, 36, 1])
[09-04-2024 09:46:56]:⚙ DEBUG -> Клиентом1 полчено сообщение через канал from_spawned_task Some([110, 97, 109, 101, 0, 5, 83, 80, 65, 87, 78, 0, 1, 13, 1, 1, 1, 11, 20, 2, 36, 1])
[09-04-2024 09:46:56]:⚙ DEBUG -> Клиентом2 полчено сообщение через канал test_server_cmd None
[09-04-2024 09:46:56]:⚙ DEBUG -> Клиентом2 полчено сообщение через канал with_payload1 Some([110, 97, 109, 101, 0, 4, 84, 69, 83, 84, 0, 1, 12, 1, 1, 1, 10, 20, 2, 36, 1])
[09-04-2024 09:46:56]:⚙ DEBUG -> Клиентом2 полчено сообщение через канал from_spawned_task Some([110, 97, 109, 101, 0, 5, 83, 80, 65, 87, 78, 0, 1, 13, 1, 1, 1, 11, 20, 2, 36, 1])
[09-04-2024 09:46:56]:⚙ DEBUG -> Сервером получено сообщение от клиента 127.0.0.1:34968 через канал test_client_cmd
[09-04-2024 09:47:01]:⚙ DEBUG -> Отправка веерного сообщения клиентам
[09-04-2024 09:47:01]:⚙ DEBUG -> Сообщение отправлено в канал 1
[09-04-2024 09:47:01]:⚙ DEBUG -> Сообщение отправлено в канал 1
[09-04-2024 09:47:01]:⚙ DEBUG -> Сообщение отправлено в канал 1
[09-04-2024 09:47:01]:⚙ DEBUG -> Сообщение отправлено в канал 1
[09-04-2024 09:47:01]:⚙ DEBUG -> Отправка веерного сообщения клиентам
[09-04-2024 09:47:01]:⚙ DEBUG -> Сообщение отправлено в канал 2
[09-04-2024 09:47:01]:⚙ DEBUG -> Сообщение отправлено в канал 2
[09-04-2024 09:47:01]:⚙ DEBUG -> Сообщение отправлено в канал 2
[09-04-2024 09:47:01]:⚙ DEBUG -> Сообщение отправлено в канал 2
[09-04-2024 09:47:01]:⚙ DEBUG -> Отправка веерного сообщения клиентам
[09-04-2024 09:47:01]:⚙ DEBUG -> Сообщение отправлено в канал 3
[09-04-2024 09:47:01]:⚙ DEBUG -> Сообщение отправлено в канал 3
[09-04-2024 09:47:01]:⚙ DEBUG -> Сообщение отправлено в канал 3
[09-04-2024 09:47:01]:⚙ DEBUG -> Сообщение отправлено в канал 3
[09-04-2024 09:47:01]:⚙ DEBUG -> Клиентом4 полчено сообщение через канал test_server_cmd None
[09-04-2024 09:47:01]:⚙ DEBUG -> Клиентом4 полчено сообщение через канал with_payload1 Some([110, 97, 109, 101, 0, 4, 84, 69, 83, 84, 0, 1, 12, 1, 1, 1, 10, 20, 2, 36, 1])
[09-04-2024 09:47:01]:⚙ DEBUG -> Клиентом4 полчено сообщение через канал from_spawned_task Some([110, 97, 109, 101, 0, 5, 83, 80, 65, 87, 78, 0, 1, 13, 1, 1, 1, 11, 20, 2, 36, 1])
[09-04-2024 09:47:01]:⚙ DEBUG -> Клиентом3 полчено сообщение через канал test_server_cmd None
[09-04-2024 09:47:01]:⚙ DEBUG -> Клиентом3 полчено сообщение через канал with_payload1 Some([110, 97, 109, 101, 0, 4, 84, 69, 83, 84, 0, 1, 12, 1, 1, 1, 10, 20, 2, 36, 1])
[09-04-2024 09:47:01]:⚙ DEBUG -> Клиентом3 полчено сообщение через канал from_spawned_task Some([110, 97, 109, 101, 0, 5, 83, 80, 65, 87, 78, 0, 1, 13, 1, 1, 1, 11, 20, 2, 36, 1])
[09-04-2024 09:47:01]:⚙ DEBUG -> Клиентом1 полчено сообщение через канал test_server_cmd None
[09-04-2024 09:47:01]:⚙ DEBUG -> Клиентом1 полчено сообщение через канал with_payload1 Some([110, 97, 109, 101, 0, 4, 84, 69, 83, 84, 0, 1, 12, 1, 1, 1, 10, 20, 2, 36, 1])
[09-04-2024 09:47:01]:⚙ DEBUG -> Клиентом1 полчено сообщение через канал from_spawned_task Some([110, 97, 109, 101, 0, 5, 83, 80, 65, 87, 78, 0, 1, 13, 1, 1, 1, 11, 20, 2, 36, 1])
[09-04-2024 09:47:01]:⚙ DEBUG -> Клиентом2 полчено сообщение через канал test_server_cmd None
[09-04-2024 09:47:01]:⚙ DEBUG -> Клиентом2 полчено сообщение через канал with_payload1 Some([110, 97, 109, 101, 0, 4, 84, 69, 83, 84, 0, 1, 12, 1, 1, 1, 10, 20, 2, 36, 1])
[09-04-2024 09:47:01]:⚙ DEBUG -> Клиентом2 полчено сообщение через канал from_spawned_task Some([110, 97, 109, 101, 0, 5, 83, 80, 65, 87, 78, 0, 1, 13, 1, 1, 1, 11, 20, 2, 36, 1])
[09-04-2024 09:47:01]:⚙ DEBUG -> Сервером получено сообщение от клиента 127.0.0.1:34968 через канал test_client_cmd
[09-04-2024 09:47:06]:⚙ DEBUG -> Отправка веерного сообщения клиентам
[09-04-2024 09:47:06]:⚙ DEBUG -> Сообщение отправлено в канал 1
[09-04-2024 09:47:06]:⚙ DEBUG -> Сообщение отправлено в канал 1
[09-04-2024 09:47:06]:⚙ DEBUG -> Сообщение отправлено в канал 1
[09-04-2024 09:47:06]:⚙ DEBUG -> Сообщение отправлено в канал 1
[09-04-2024 09:47:06]:⚙ DEBUG -> Отправка веерного сообщения клиентам
[09-04-2024 09:47:06]:⚙ DEBUG -> Сообщение отправлено в канал 2
[09-04-2024 09:47:06]:⚙ DEBUG -> Сообщение отправлено в канал 2
[09-04-2024 09:47:06]:⚙ DEBUG -> Сообщение отправлено в канал 2
[09-04-2024 09:47:06]:⚙ DEBUG -> Сообщение отправлено в канал 2
[09-04-2024 09:47:06]:⚙ DEBUG -> Отправка веерного сообщения клиентам
[09-04-2024 09:47:06]:⚙ DEBUG -> Сообщение отправлено в канал 3
[09-04-2024 09:47:06]:⚙ DEBUG -> Сообщение отправлено в канал 3
[09-04-2024 09:47:06]:⚙ DEBUG -> Сообщение отправлено в канал 3
[09-04-2024 09:47:06]:⚙ DEBUG -> Сообщение отправлено в канал 3
[09-04-2024 09:47:06]:⚙ DEBUG -> Клиентом4 полчено сообщение через канал test_server_cmd None
[09-04-2024 09:47:06]:⚙ DEBUG -> Клиентом4 полчено сообщение через канал with_payload1 Some([110, 97, 109, 101, 0, 4, 84, 69, 83, 84, 0, 1, 12, 1, 1, 1, 10, 20, 2, 36, 1])
[09-04-2024 09:47:06]:⚙ DEBUG -> Клиентом4 полчено сообщение через канал from_spawned_task Some([110, 97, 109, 101, 0, 5, 83, 80, 65, 87, 78, 0, 1, 13, 1, 1, 1, 11, 20, 2, 36, 1])
[09-04-2024 09:47:06]:⚙ DEBUG -> Клиентом3 полчено сообщение через канал test_server_cmd None
[09-04-2024 09:47:06]:⚙ DEBUG -> Клиентом3 полчено сообщение через канал with_payload1 Some([110, 97, 109, 101, 0, 4, 84, 69, 83, 84, 0, 1, 12, 1, 1, 1, 10, 20, 2, 36, 1])
[09-04-2024 09:47:06]:⚙ DEBUG -> Клиентом3 полчено сообщение через канал from_spawned_task Some([110, 97, 109, 101, 0, 5, 83, 80, 65, 87, 78, 0, 1, 13, 1, 1, 1, 11, 20, 2, 36, 1])
[09-04-2024 09:47:06]:⚙ DEBUG -> Клиентом1 полчено сообщение через канал test_server_cmd None
[09-04-2024 09:47:06]:⚙ DEBUG -> Клиентом1 полчено сообщение через канал with_payload1 Some([110, 97, 109, 101, 0, 4, 84, 69, 83, 84, 0, 1, 12, 1, 1, 1, 10, 20, 2, 36, 1])
[09-04-2024 09:47:06]:⚙ DEBUG -> Клиентом1 полчено сообщение через канал from_spawned_task Some([110, 97, 109, 101, 0, 5, 83, 80, 65, 87, 78, 0, 1, 13, 1, 1, 1, 11, 20, 2, 36, 1])
[09-04-2024 09:47:06]:⚙ DEBUG -> Клиентом2 полчено сообщение через канал test_server_cmd None
[09-04-2024 09:47:06]:⚙ DEBUG -> Клиентом2 полчено сообщение через канал with_payload1 Some([110, 97, 109, 101, 0, 4, 84, 69, 83, 84, 0, 1, 12, 1, 1, 1, 10, 20, 2, 36, 1])
[09-04-2024 09:47:06]:⚙ DEBUG -> Клиентом2 полчено сообщение через канал from_spawned_task Some([110, 97, 109, 101, 0, 5, 83, 80, 65, 87, 78, 0, 1, 13, 1, 1, 1, 11, 20, 2, 36, 1])
[09-04-2024 09:47:06]:⚙ DEBUG -> Сервером получено сообщение от клиента 127.0.0.1:34968 через канал test_client_cmd
[09-04-2024 09:47:11]:⚙ DEBUG -> Отправка веерного сообщения клиентам
[09-04-2024 09:47:11]:⚙ DEBUG -> Сообщение отправлено в канал 1
[09-04-2024 09:47:11]:⚙ DEBUG -> Сообщение отправлено в канал 1
[09-04-2024 09:47:11]:⚙ DEBUG -> Сообщение отправлено в канал 1
[09-04-2024 09:47:11]:⚙ DEBUG -> Сообщение отправлено в канал 1
[09-04-2024 09:47:11]:⚙ DEBUG -> Отправка веерного сообщения клиентам
[09-04-2024 09:47:11]:⚙ DEBUG -> Сообщение отправлено в канал 2
[09-04-2024 09:47:11]:⚙ DEBUG -> Сообщение отправлено в канал 2
[09-04-2024 09:47:11]:⚙ DEBUG -> Сообщение отправлено в канал 2
[09-04-2024 09:47:11]:⚙ DEBUG -> Сообщение отправлено в канал 2
[09-04-2024 09:47:11]:⚙ DEBUG -> Отправка веерного сообщения клиентам
[09-04-2024 09:47:11]:⚙ DEBUG -> Сообщение отправлено в канал 3
[09-04-2024 09:47:11]:⚙ DEBUG -> Сообщение отправлено в канал 3
[09-04-2024 09:47:11]:⚙ DEBUG -> Сообщение отправлено в канал 3
[09-04-2024 09:47:11]:⚙ DEBUG -> Сообщение отправлено в канал 3
[09-04-2024 09:47:11]:⚙ DEBUG -> Клиентом4 полчено сообщение через канал test_server_cmd None
[09-04-2024 09:47:11]:⚙ DEBUG -> Клиентом4 полчено сообщение через канал with_payload1 Some([110, 97, 109, 101, 0, 4, 84, 69, 83, 84, 0, 1, 12, 1, 1, 1, 10, 20, 2, 36, 1])
[09-04-2024 09:47:11]:⚙ DEBUG -> Клиентом4 полчено сообщение через канал from_spawned_task Some([110, 97, 109, 101, 0, 5, 83, 80, 65, 87, 78, 0, 1, 13, 1, 1, 1, 11, 20, 2, 36, 1])
[09-04-2024 09:47:11]:⚙ DEBUG -> Клиентом3 полчено сообщение через канал test_server_cmd None
[09-04-2024 09:47:11]:⚙ DEBUG -> Клиентом3 полчено сообщение через канал with_payload1 Some([110, 97, 109, 101, 0, 4, 84, 69, 83, 84, 0, 1, 12, 1, 1, 1, 10, 20, 2, 36, 1])
[09-04-2024 09:47:11]:⚙ DEBUG -> Клиентом3 полчено сообщение через канал from_spawned_task Some([110, 97, 109, 101, 0, 5, 83, 80, 65, 87, 78, 0, 1, 13, 1, 1, 1, 11, 20, 2, 36, 1])
[09-04-2024 09:47:11]:⚙ DEBUG -> Клиентом1 полчено сообщение через канал test_server_cmd None
[09-04-2024 09:47:11]:⚙ DEBUG -> Клиентом1 полчено сообщение через канал with_payload1 Some([110, 97, 109, 101, 0, 4, 84, 69, 83, 84, 0, 1, 12, 1, 1, 1, 10, 20, 2, 36, 1])
[09-04-2024 09:47:11]:⚙ DEBUG -> Клиентом1 полчено сообщение через канал from_spawned_task Some([110, 97, 109, 101, 0, 5, 83, 80, 65, 87, 78, 0, 1, 13, 1, 1, 1, 11, 20, 2, 36, 1])
[09-04-2024 09:47:11]:⚙ DEBUG -> Клиентом2 полчено сообщение через канал test_server_cmd None
[09-04-2024 09:47:11]:⚙ DEBUG -> Клиентом2 полчено сообщение через канал with_payload1 Some([110, 97, 109, 101, 0, 4, 84, 69, 83, 84, 0, 1, 12, 1, 1, 1, 10, 20, 2, 36, 1])
[09-04-2024 09:47:11]:⚙ DEBUG -> Клиентом2 полчено сообщение через канал from_spawned_task Some([110, 97, 109, 101, 0, 5, 83, 80, 65, 87, 78, 0, 1, 13, 1, 1, 1, 11, 20, 2, 36, 1])
[09-04-2024 09:47:11]:⚙ DEBUG -> Сервером получено сообщение от клиента 127.0.0.1:34968 через канал test_client_cmd
[09-04-2024 09:47:16]:⚙ DEBUG -> Отправка веерного сообщения клиентам
[09-04-2024 09:47:16]:⚙ DEBUG -> Сообщение отправлено в канал 1
[09-04-2024 09:47:16]:⚙ DEBUG -> Сообщение отправлено в канал 1
[09-04-2024 09:47:16]:⚙ DEBUG -> Сообщение отправлено в канал 1
[09-04-2024 09:47:16]:⚙ DEBUG -> Сообщение отправлено в канал 1
[09-04-2024 09:47:16]:⚙ DEBUG -> Отправка веерного сообщения клиентам
[09-04-2024 09:47:16]:⚙ DEBUG -> Сообщение отправлено в канал 2
[09-04-2024 09:47:16]:⚙ DEBUG -> Сообщение отправлено в канал 2
[09-04-2024 09:47:16]:⚙ DEBUG -> Сообщение отправлено в канал 2
[09-04-2024 09:47:16]:⚙ DEBUG -> Сообщение отправлено в канал 2
[09-04-2024 09:47:16]:⚙ DEBUG -> Отправка веерного сообщения клиентам
[09-04-2024 09:47:16]:⚙ DEBUG -> Сообщение отправлено в канал 3
[09-04-2024 09:47:16]:⚙ DEBUG -> Сообщение отправлено в канал 3
[09-04-2024 09:47:16]:⚙ DEBUG -> Сообщение отправлено в канал 3
[09-04-2024 09:47:16]:⚙ DEBUG -> Сообщение отправлено в канал 3
[09-04-2024 09:47:16]:⚙ DEBUG -> Клиентом4 полчено сообщение через канал test_server_cmd None
[09-04-2024 09:47:16]:⚙ DEBUG -> Клиентом4 полчено сообщение через канал with_payload1 Some([110, 97, 109, 101, 0, 4, 84, 69, 83, 84, 0, 1, 12, 1, 1, 1, 10, 20, 2, 36, 1])
[09-04-2024 09:47:16]:⚙ DEBUG -> Клиентом4 полчено сообщение через канал from_spawned_task Some([110, 97, 109, 101, 0, 5, 83, 80, 65, 87, 78, 0, 1, 13, 1, 1, 1, 11, 20, 2, 36, 1])
[09-04-2024 09:47:16]:⚙ DEBUG -> Клиентом3 полчено сообщение через канал test_server_cmd None
[09-04-2024 09:47:16]:⚙ DEBUG -> Клиентом3 полчено сообщение через канал with_payload1 Some([110, 97, 109, 101, 0, 4, 84, 69, 83, 84, 0, 1, 12, 1, 1, 1, 10, 20, 2, 36, 1])
[09-04-2024 09:47:16]:⚙ DEBUG -> Клиентом3 полчено сообщение через канал from_spawned_task Some([110, 97, 109, 101, 0, 5, 83, 80, 65, 87, 78, 0, 1, 13, 1, 1, 1, 11, 20, 2, 36, 1])
[09-04-2024 09:47:16]:⚙ DEBUG -> Клиентом1 полчено сообщение через канал test_server_cmd None
[09-04-2024 09:47:16]:⚙ DEBUG -> Клиентом1 полчено сообщение через канал with_payload1 Some([110, 97, 109, 101, 0, 4, 84, 69, 83, 84, 0, 1, 12, 1, 1, 1, 10, 20, 2, 36, 1])
[09-04-2024 09:47:16]:⚙ DEBUG -> Клиентом1 полчено сообщение через канал from_spawned_task Some([110, 97, 109, 101, 0, 5, 83, 80, 65, 87, 78, 0, 1, 13, 1, 1, 1, 11, 20, 2, 36, 1])
[09-04-2024 09:47:16]:⚙ DEBUG -> Клиентом2 полчено сообщение через канал test_server_cmd None
[09-04-2024 09:47:16]:⚙ DEBUG -> Клиентом2 полчено сообщение через канал with_payload1 Some([110, 97, 109, 101, 0, 4, 84, 69, 83, 84, 0, 1, 12, 1, 1, 1, 10, 20, 2, 36, 1])
[09-04-2024 09:47:16]:⚙ DEBUG -> Клиентом2 полчено сообщение через канал from_spawned_task Some([110, 97, 109, 101, 0, 5, 83, 80, 65, 87, 78, 0, 1, 13, 1, 1, 1, 11, 20, 2, 36, 1])
[09-04-2024 09:47:16]:⚙ DEBUG -> Сервером получено сообщение от клиента 127.0.0.1:34968 через канал test_client_cmd
[09-04-2024 09:47:21]:⚙ DEBUG -> Отправка веерного сообщения клиентам
[09-04-2024 09:47:21]:⚙ DEBUG -> Сообщение отправлено в канал 1
[09-04-2024 09:47:21]:⚙ DEBUG -> Сообщение отправлено в канал 1
[09-04-2024 09:47:21]:⚙ DEBUG -> Сообщение отправлено в канал 1
[09-04-2024 09:47:21]:⚙ DEBUG -> Сообщение отправлено в канал 1
[09-04-2024 09:47:21]:⚙ DEBUG -> Отправка веерного сообщения клиентам
[09-04-2024 09:47:21]:⚙ DEBUG -> Сообщение отправлено в канал 2
[09-04-2024 09:47:21]:⚙ DEBUG -> Сообщение отправлено в канал 2
[09-04-2024 09:47:21]:⚙ DEBUG -> Сообщение отправлено в канал 2
[09-04-2024 09:47:21]:⚙ DEBUG -> Сообщение отправлено в канал 2
[09-04-2024 09:47:21]:⚙ DEBUG -> Отправка веерного сообщения клиентам
[09-04-2024 09:47:21]:⚙ DEBUG -> Сообщение отправлено в канал 3
[09-04-2024 09:47:21]:⚙ DEBUG -> Сообщение отправлено в канал 3
[09-04-2024 09:47:21]:⚙ DEBUG -> Сообщение отправлено в канал 3
[09-04-2024 09:47:21]:⚙ DEBUG -> Сообщение отправлено в канал 3
[09-04-2024 09:47:21]:⚙ DEBUG -> Клиентом4 полчено сообщение через канал test_server_cmd None
[09-04-2024 09:47:21]:⚙ DEBUG -> Клиентом4 полчено сообщение через канал with_payload1 Some([110, 97, 109, 101, 0, 4, 84, 69, 83, 84, 0, 1, 12, 1, 1, 1, 10, 20, 2, 36, 1])
[09-04-2024 09:47:21]:⚙ DEBUG -> Клиентом4 полчено сообщение через канал from_spawned_task Some([110, 97, 109, 101, 0, 5, 83, 80, 65, 87, 78, 0, 1, 13, 1, 1, 1, 11, 20, 2, 36, 1])
[09-04-2024 09:47:21]:⚙ DEBUG -> Клиентом3 полчено сообщение через канал test_server_cmd None
[09-04-2024 09:47:21]:⚙ DEBUG -> Клиентом3 полчено сообщение через канал with_payload1 Some([110, 97, 109, 101, 0, 4, 84, 69, 83, 84, 0, 1, 12, 1, 1, 1, 10, 20, 2, 36, 1])
[09-04-2024 09:47:21]:⚙ DEBUG -> Клиентом3 полчено сообщение через канал from_spawned_task Some([110, 97, 109, 101, 0, 5, 83, 80, 65, 87, 78, 0, 1, 13, 1, 1, 1, 11, 20, 2, 36, 1])
[09-04-2024 09:47:21]:⚙ DEBUG -> Клиентом1 полчено сообщение через канал test_server_cmd None
[09-04-2024 09:47:21]:⚙ DEBUG -> Клиентом1 полчено сообщение через канал with_payload1 Some([110, 97, 109, 101, 0, 4, 84, 69, 83, 84, 0, 1, 12, 1, 1, 1, 10, 20, 2, 36, 1])
[09-04-2024 09:47:21]:⚙ DEBUG -> Клиентом1 полчено сообщение через канал from_spawned_task Some([110, 97, 109, 101, 0, 5, 83, 80, 65, 87, 78, 0, 1, 13, 1, 1, 1, 11, 20, 2, 36, 1])
[09-04-2024 09:47:21]:⚙ DEBUG -> Клиентом2 полчено сообщение через канал test_server_cmd None
[09-04-2024 09:47:21]:⚙ DEBUG -> Клиентом2 полчено сообщение через канал with_payload1 Some([110, 97, 109, 101, 0, 4, 84, 69, 83, 84, 0, 1, 12, 1, 1, 1, 10, 20, 2, 36, 1])
[09-04-2024 09:47:21]:⚙ DEBUG -> Клиентом2 полчено сообщение через канал from_spawned_task Some([110, 97, 109, 101, 0, 5, 83, 80, 65, 87, 78, 0, 1, 13, 1, 1, 1, 11, 20, 2, 36, 1])
[09-04-2024 09:47:21]:⚙ DEBUG -> Сервером получено сообщение от клиента 127.0.0.1:34968 через канал test_client_cmd
[09-04-2024 09:47:26]:⚙ DEBUG -> Отправка веерного сообщения клиентам
[09-04-2024 09:47:26]:⚙ DEBUG -> Сообщение отправлено в канал 1
[09-04-2024 09:47:26]:⚙ DEBUG -> Сообщение отправлено в канал 1
[09-04-2024 09:47:26]:⚙ DEBUG -> Сообщение отправлено в канал 1
[09-04-2024 09:47:26]:⚙ DEBUG -> Сообщение отправлено в канал 1
[09-04-2024 09:47:26]:⚙ DEBUG -> Отправка веерного сообщения клиентам
[09-04-2024 09:47:26]:⚙ DEBUG -> Сообщение отправлено в канал 2
[09-04-2024 09:47:26]:⚙ DEBUG -> Сообщение отправлено в канал 2
[09-04-2024 09:47:26]:⚙ DEBUG -> Сообщение отправлено в канал 2
[09-04-2024 09:47:26]:⚙ DEBUG -> Сообщение отправлено в канал 2
[09-04-2024 09:47:26]:⚙ DEBUG -> Отправка веерного сообщения клиентам
[09-04-2024 09:47:26]:⚙ DEBUG -> Сообщение отправлено в канал 3
[09-04-2024 09:47:26]:⚙ DEBUG -> Сообщение отправлено в канал 3
[09-04-2024 09:47:26]:⚙ DEBUG -> Сообщение отправлено в канал 3
[09-04-2024 09:47:26]:⚙ DEBUG -> Сообщение отправлено в канал 3
[09-04-2024 09:47:26]:⚙ DEBUG -> Клиентом4 полчено сообщение через канал test_server_cmd None
[09-04-2024 09:47:26]:⚙ DEBUG -> Клиентом4 полчено сообщение через канал with_payload1 Some([110, 97, 109, 101, 0, 4, 84, 69, 83, 84, 0, 1, 12, 1, 1, 1, 10, 20, 2, 36, 1])
[09-04-2024 09:47:26]:⚙ DEBUG -> Клиентом4 полчено сообщение через канал from_spawned_task Some([110, 97, 109, 101, 0, 5, 83, 80, 65, 87, 78, 0, 1, 13, 1, 1, 1, 11, 20, 2, 36, 1])
[09-04-2024 09:47:26]:⚙ DEBUG -> Клиентом3 полчено сообщение через канал test_server_cmd None
[09-04-2024 09:47:26]:⚙ DEBUG -> Клиентом3 полчено сообщение через канал with_payload1 Some([110, 97, 109, 101, 0, 4, 84, 69, 83, 84, 0, 1, 12, 1, 1, 1, 10, 20, 2, 36, 1])
[09-04-2024 09:47:26]:⚙ DEBUG -> Клиентом3 полчено сообщение через канал from_spawned_task Some([110, 97, 109, 101, 0, 5, 83, 80, 65, 87, 78, 0, 1, 13, 1, 1, 1, 11, 20, 2, 36, 1])
[09-04-2024 09:47:26]:⚙ DEBUG -> Клиентом1 полчено сообщение через канал test_server_cmd None
[09-04-2024 09:47:26]:⚙ DEBUG -> Клиентом1 полчено сообщение через канал with_payload1 Some([110, 97, 109, 101, 0, 4, 84, 69, 83, 84, 0, 1, 12, 1, 1, 1, 10, 20, 2, 36, 1])
[09-04-2024 09:47:26]:⚙ DEBUG -> Клиентом1 полчено сообщение через канал from_spawned_task Some([110, 97, 109, 101, 0, 5, 83, 80, 65, 87, 78, 0, 1, 13, 1, 1, 1, 11, 20, 2, 36, 1])
[09-04-2024 09:47:26]:⚙ DEBUG -> Клиентом2 полчено сообщение через канал test_server_cmd None
[09-04-2024 09:47:26]:⚙ DEBUG -> Клиентом2 полчено сообщение через канал with_payload1 Some([110, 97, 109, 101, 0, 4, 84, 69, 83, 84, 0, 1, 12, 1, 1, 1, 10, 20, 2, 36, 1])
[09-04-2024 09:47:26]:⚙ DEBUG -> Клиентом2 полчено сообщение через канал from_spawned_task Some([110, 97, 109, 101, 0, 5, 83, 80, 65, 87, 78, 0, 1, 13, 1, 1, 1, 11, 20, 2, 36, 1])
[09-04-2024 09:47:26]:⚙ DEBUG -> Сервером получено сообщение от клиента 127.0.0.1:34968 через канал test_client_cmd
[09-04-2024 09:47:31]:⚙ DEBUG -> Отправка веерного сообщения клиентам
[09-04-2024 09:47:31]:⚙ DEBUG -> Сообщение отправлено в канал 1
[09-04-2024 09:47:31]:⚙ DEBUG -> Сообщение отправлено в канал 1
[09-04-2024 09:47:31]:⚙ DEBUG -> Сообщение отправлено в канал 1
[09-04-2024 09:47:31]:⚙ DEBUG -> Сообщение отправлено в канал 1
[09-04-2024 09:47:31]:⚙ DEBUG -> Отправка веерного сообщения клиентам
[09-04-2024 09:47:31]:⚙ DEBUG -> Сообщение отправлено в канал 2
[09-04-2024 09:47:31]:⚙ DEBUG -> Сообщение отправлено в канал 2
[09-04-2024 09:47:31]:⚙ DEBUG -> Сообщение отправлено в канал 2
[09-04-2024 09:47:31]:⚙ DEBUG -> Сообщение отправлено в канал 2
[09-04-2024 09:47:31]:⚙ DEBUG -> Отправка веерного сообщения клиентам
[09-04-2024 09:47:31]:⚙ DEBUG -> Сообщение отправлено в канал 3
[09-04-2024 09:47:31]:⚙ DEBUG -> Сообщение отправлено в канал 3
[09-04-2024 09:47:31]:⚙ DEBUG -> Сообщение отправлено в канал 3
[09-04-2024 09:47:31]:⚙ DEBUG -> Сообщение отправлено в канал 3
[09-04-2024 09:47:31]:⚙ DEBUG -> Клиентом4 полчено сообщение через канал test_server_cmd None
[09-04-2024 09:47:31]:⚙ DEBUG -> Клиентом4 полчено сообщение через канал with_payload1 Some([110, 97, 109, 101, 0, 4, 84, 69, 83, 84, 0, 1, 12, 1, 1, 1, 10, 20, 2, 36, 1])
[09-04-2024 09:47:31]:⚙ DEBUG -> Клиентом4 полчено сообщение через канал from_spawned_task Some([110, 97, 109, 101, 0, 5, 83, 80, 65, 87, 78, 0, 1, 13, 1, 1, 1, 11, 20, 2, 36, 1])
[09-04-2024 09:47:31]:⚙ DEBUG -> Клиентом3 полчено сообщение через канал test_server_cmd None
[09-04-2024 09:47:31]:⚙ DEBUG -> Клиентом3 полчено сообщение через канал with_payload1 Some([110, 97, 109, 101, 0, 4, 84, 69, 83, 84, 0, 1, 12, 1, 1, 1, 10, 20, 2, 36, 1])
[09-04-2024 09:47:31]:⚙ DEBUG -> Клиентом3 полчено сообщение через канал from_spawned_task Some([110, 97, 109, 101, 0, 5, 83, 80, 65, 87, 78, 0, 1, 13, 1, 1, 1, 11, 20, 2, 36, 1])
[09-04-2024 09:47:31]:⚙ DEBUG -> Клиентом1 полчено сообщение через канал test_server_cmd None
[09-04-2024 09:47:31]:⚙ DEBUG -> Клиентом1 полчено сообщение через канал with_payload1 Some([110, 97, 109, 101, 0, 4, 84, 69, 83, 84, 0, 1, 12, 1, 1, 1, 10, 20, 2, 36, 1])
[09-04-2024 09:47:31]:⚙ DEBUG -> Клиентом1 полчено сообщение через канал from_spawned_task Some([110, 97, 109, 101, 0, 5, 83, 80, 65, 87, 78, 0, 1, 13, 1, 1, 1, 11, 20, 2, 36, 1])
[09-04-2024 09:47:31]:⚙ DEBUG -> Клиентом2 полчено сообщение через канал test_server_cmd None
[09-04-2024 09:47:31]:⚙ DEBUG -> Клиентом2 полчено сообщение через канал with_payload1 Some([110, 97, 109, 101, 0, 4, 84, 69, 83, 84, 0, 1, 12, 1, 1, 1, 10, 20, 2, 36, 1])
[09-04-2024 09:47:31]:⚙ DEBUG -> Клиентом2 полчено сообщение через канал from_spawned_task Some([110, 97, 109, 101, 0, 5, 83, 80, 65, 87, 78, 0, 1, 13, 1, 1, 1, 11, 20, 2, 36, 1])
[09-04-2024 09:47:31]:⚙ DEBUG -> Сервером получено сообщение от клиента 127.0.0.1:34968 через канал test_client_cmd
[09-04-2024 09:47:36]:⚙ DEBUG -> Отправка веерного сообщения клиентам
[09-04-2024 09:47:36]:⚙ DEBUG -> Сообщение отправлено в канал 1
[09-04-2024 09:47:36]:⚙ DEBUG -> Сообщение отправлено в канал 1
[09-04-2024 09:47:36]:⚙ DEBUG -> Сообщение отправлено в канал 1
[09-04-2024 09:47:36]:⚙ DEBUG -> Сообщение отправлено в канал 1
[09-04-2024 09:47:36]:⚙ DEBUG -> Отправка веерного сообщения клиентам
[09-04-2024 09:47:36]:⚙ DEBUG -> Сообщение отправлено в канал 2
[09-04-2024 09:47:36]:⚙ DEBUG -> Сообщение отправлено в канал 2
[09-04-2024 09:47:36]:⚙ DEBUG -> Сообщение отправлено в канал 2
[09-04-2024 09:47:36]:⚙ DEBUG -> Сообщение отправлено в канал 2
[09-04-2024 09:47:36]:⚙ DEBUG -> Отправка веерного сообщения клиентам
[09-04-2024 09:47:36]:⚙ DEBUG -> Сообщение отправлено в канал 3
[09-04-2024 09:47:36]:⚙ DEBUG -> Сообщение отправлено в канал 3
[09-04-2024 09:47:36]:⚙ DEBUG -> Сообщение отправлено в канал 3
[09-04-2024 09:47:36]:⚙ DEBUG -> Сообщение отправлено в канал 3
[09-04-2024 09:47:36]:⚙ DEBUG -> Клиентом4 полчено сообщение через канал test_server_cmd None
[09-04-2024 09:47:36]:⚙ DEBUG -> Клиентом4 полчено сообщение через канал with_payload1 Some([110, 97, 109, 101, 0, 4, 84, 69, 83, 84, 0, 1, 12, 1, 1, 1, 10, 20, 2, 36, 1])
[09-04-2024 09:47:36]:⚙ DEBUG -> Клиентом4 полчено сообщение через канал from_spawned_task Some([110, 97, 109, 101, 0, 5, 83, 80, 65, 87, 78, 0, 1, 13, 1, 1, 1, 11, 20, 2, 36, 1])
[09-04-2024 09:47:36]:⚙ DEBUG -> Клиентом3 полчено сообщение через канал test_server_cmd None
[09-04-2024 09:47:36]:⚙ DEBUG -> Клиентом3 полчено сообщение через канал with_payload1 Some([110, 97, 109, 101, 0, 4, 84, 69, 83, 84, 0, 1, 12, 1, 1, 1, 10, 20, 2, 36, 1])
[09-04-2024 09:47:36]:⚙ DEBUG -> Клиентом3 полчено сообщение через канал from_spawned_task Some([110, 97, 109, 101, 0, 5, 83, 80, 65, 87, 78, 0, 1, 13, 1, 1, 1, 11, 20, 2, 36, 1])
[09-04-2024 09:47:36]:⚙ DEBUG -> Клиентом1 полчено сообщение через канал test_server_cmd None
[09-04-2024 09:47:36]:⚙ DEBUG -> Клиентом1 полчено сообщение через канал with_payload1 Some([110, 97, 109, 101, 0, 4, 84, 69, 83, 84, 0, 1, 12, 1, 1, 1, 10, 20, 2, 36, 1])
[09-04-2024 09:47:36]:⚙ DEBUG -> Клиентом1 полчено сообщение через канал from_spawned_task Some([110, 97, 109, 101, 0, 5, 83, 80, 65, 87, 78, 0, 1, 13, 1, 1, 1, 11, 20, 2, 36, 1])
[09-04-2024 09:47:36]:⚙ DEBUG -> Клиентом2 полчено сообщение через канал test_server_cmd None
[09-04-2024 09:47:36]:⚙ DEBUG -> Клиентом2 полчено сообщение через канал with_payload1 Some([110, 97, 109, 101, 0, 4, 84, 69, 83, 84, 0, 1, 12, 1, 1, 1, 10, 20, 2, 36, 1])
[09-04-2024 09:47:36]:⚙ DEBUG -> Клиентом2 полчено сообщение через канал from_spawned_task Some([110, 97, 109, 101, 0, 5, 83, 80, 65, 87, 78, 0, 1, 13, 1, 1, 1, 11, 20, 2, 36, 1])
[09-04-2024 09:47:36]:⚙ DEBUG -> Сервером получено сообщение от клиента 127.0.0.1:34968 через канал test_client_cmd
[09-04-2024 09:47:41]:⚙ DEBUG -> Отправка веерного сообщения клиентам
[09-04-2024 09:47:41]:⚙ DEBUG -> Сообщение отправлено в канал 1
[09-04-2024 09:47:41]:⚙ DEBUG -> Сообщение отправлено в канал 1
[09-04-2024 09:47:41]:⚙ DEBUG -> Сообщение отправлено в канал 1
[09-04-2024 09:47:41]:⚙ DEBUG -> Сообщение отправлено в канал 1
[09-04-2024 09:47:41]:⚙ DEBUG -> Отправка веерного сообщения клиентам
[09-04-2024 09:47:41]:⚙ DEBUG -> Сообщение отправлено в канал 2
[09-04-2024 09:47:41]:⚙ DEBUG -> Сообщение отправлено в канал 2
[09-04-2024 09:47:41]:⚙ DEBUG -> Сообщение отправлено в канал 2
[09-04-2024 09:47:41]:⚙ DEBUG -> Сообщение отправлено в канал 2
[09-04-2024 09:47:41]:⚙ DEBUG -> Отправка веерного сообщения клиентам
[09-04-2024 09:47:41]:⚙ DEBUG -> Сообщение отправлено в канал 3
[09-04-2024 09:47:41]:⚙ DEBUG -> Сообщение отправлено в канал 3
[09-04-2024 09:47:41]:⚙ DEBUG -> Сообщение отправлено в канал 3
[09-04-2024 09:47:41]:⚙ DEBUG -> Сообщение отправлено в канал 3
[09-04-2024 09:47:41]:⚙ DEBUG -> Клиентом4 полчено сообщение через канал test_server_cmd None
[09-04-2024 09:47:41]:⚙ DEBUG -> Клиентом4 полчено сообщение через канал with_payload1 Some([110, 97, 109, 101, 0, 4, 84, 69, 83, 84, 0, 1, 12, 1, 1, 1, 10, 20, 2, 36, 1])
[09-04-2024 09:47:41]:⚙ DEBUG -> Клиентом4 полчено сообщение через канал from_spawned_task Some([110, 97, 109, 101, 0, 5, 83, 80, 65, 87, 78, 0, 1, 13, 1, 1, 1, 11, 20, 2, 36, 1])
[09-04-2024 09:47:41]:⚙ DEBUG -> Клиентом3 полчено сообщение через канал test_server_cmd None
[09-04-2024 09:47:41]:⚙ DEBUG -> Клиентом3 полчено сообщение через канал with_payload1 Some([110, 97, 109, 101, 0, 4, 84, 69, 83, 84, 0, 1, 12, 1, 1, 1, 10, 20, 2, 36, 1])
[09-04-2024 09:47:41]:⚙ DEBUG -> Клиентом3 полчено сообщение через канал from_spawned_task Some([110, 97, 109, 101, 0, 5, 83, 80, 65, 87, 78, 0, 1, 13, 1, 1, 1, 11, 20, 2, 36, 1])
[09-04-2024 09:47:41]:⚙ DEBUG -> Клиентом1 полчено сообщение через канал test_server_cmd None
[09-04-2024 09:47:41]:⚙ DEBUG -> Клиентом1 полчено сообщение через канал with_payload1 Some([110, 97, 109, 101, 0, 4, 84, 69, 83, 84, 0, 1, 12, 1, 1, 1, 10, 20, 2, 36, 1])
[09-04-2024 09:47:41]:⚙ DEBUG -> Клиентом1 полчено сообщение через канал from_spawned_task Some([110, 97, 109, 101, 0, 5, 83, 80, 65, 87, 78, 0, 1, 13, 1, 1, 1, 11, 20, 2, 36, 1])
[09-04-2024 09:47:41]:⚙ DEBUG -> Клиентом2 полчено сообщение через канал test_server_cmd None
[09-04-2024 09:47:41]:⚙ DEBUG -> Клиентом2 полчено сообщение через канал with_payload1 Some([110, 97, 109, 101, 0, 4, 84, 69, 83, 84, 0, 1, 12, 1, 1, 1, 10, 20, 2, 36, 1])
[09-04-2024 09:47:41]:⚙ DEBUG -> Клиентом2 полчено сообщение через канал from_spawned_task Some([110, 97, 109, 101, 0, 5, 83, 80, 65, 87, 78, 0, 1, 13, 1, 1, 1, 11, 20, 2, 36, 1])
[09-04-2024 09:47:41]:⚙ DEBUG -> Сервером получено сообщение от клиента 127.0.0.1:34968 через канал test_client_cmd
[09-04-2024 09:47:46]:⚙ DEBUG -> Отправка веерного сообщения клиентам
[09-04-2024 09:47:46]:⚙ DEBUG -> Сообщение отправлено в канал 1
[09-04-2024 09:47:46]:⚙ DEBUG -> Сообщение отправлено в канал 1
[09-04-2024 09:47:46]:⚙ DEBUG -> Сообщение отправлено в канал 1
[09-04-2024 09:47:46]:⚙ DEBUG -> Сообщение отправлено в канал 1
[09-04-2024 09:47:46]:⚙ DEBUG -> Отправка веерного сообщения клиентам
[09-04-2024 09:47:46]:⚙ DEBUG -> Сообщение отправлено в канал 2
[09-04-2024 09:47:46]:⚙ DEBUG -> Сообщение отправлено в канал 2
[09-04-2024 09:47:46]:⚙ DEBUG -> Сообщение отправлено в канал 2
[09-04-2024 09:47:46]:⚙ DEBUG -> Сообщение отправлено в канал 2
[09-04-2024 09:47:46]:⚙ DEBUG -> Отправка веерного сообщения клиентам
[09-04-2024 09:47:46]:⚙ DEBUG -> Сообщение отправлено в канал 3
[09-04-2024 09:47:46]:⚙ DEBUG -> Сообщение отправлено в канал 3
[09-04-2024 09:47:46]:⚙ DEBUG -> Сообщение отправлено в канал 3
[09-04-2024 09:47:46]:⚙ DEBUG -> Сообщение отправлено в канал 3
[09-04-2024 09:47:46]:⚙ DEBUG -> Клиентом4 полчено сообщение через канал test_server_cmd None
[09-04-2024 09:47:46]:⚙ DEBUG -> Клиентом4 полчено сообщение через канал with_payload1 Some([110, 97, 109, 101, 0, 4, 84, 69, 83, 84, 0, 1, 12, 1, 1, 1, 10, 20, 2, 36, 1])
[09-04-2024 09:47:46]:⚙ DEBUG -> Клиентом4 полчено сообщение через канал from_spawned_task Some([110, 97, 109, 101, 0, 5, 83, 80, 65, 87, 78, 0, 1, 13, 1, 1, 1, 11, 20, 2, 36, 1])
[09-04-2024 09:47:46]:⚙ DEBUG -> Клиентом3 полчено сообщение через канал test_server_cmd None
[09-04-2024 09:47:46]:⚙ DEBUG -> Клиентом3 полчено сообщение через канал with_payload1 Some([110, 97, 109, 101, 0, 4, 84, 69, 83, 84, 0, 1, 12, 1, 1, 1, 10, 20, 2, 36, 1])
[09-04-2024 09:47:46]:⚙ DEBUG -> Клиентом3 полчено сообщение через канал from_spawned_task Some([110, 97, 109, 101, 0, 5, 83, 80, 65, 87, 78, 0, 1, 13, 1, 1, 1, 11, 20, 2, 36, 1])
[09-04-2024 09:47:46]:⚙ DEBUG -> Клиентом1 полчено сообщение через канал test_server_cmd None
[09-04-2024 09:47:46]:⚙ DEBUG -> Клиентом1 полчено сообщение через канал with_payload1 Some([110, 97, 109, 101, 0, 4, 84, 69, 83, 84, 0, 1, 12, 1, 1, 1, 10, 20, 2, 36, 1])
[09-04-2024 09:47:46]:⚙ DEBUG -> Клиентом1 полчено сообщение через канал from_spawned_task Some([110, 97, 109, 101, 0, 5, 83, 80, 65, 87, 78, 0, 1, 13, 1, 1, 1, 11, 20, 2, 36, 1])
[09-04-2024 09:47:46]:⚙ DEBUG -> Клиентом2 полчено сообщение через канал test_server_cmd None
[09-04-2024 09:47:46]:⚙ DEBUG -> Клиентом2 полчено сообщение через канал with_payload1 Some([110, 97, 109, 101, 0, 4, 84, 69, 83, 84, 0, 1, 12, 1, 1, 1, 10, 20, 2, 36, 1])
[09-04-2024 09:47:46]:⚙ DEBUG -> Клиентом2 полчено сообщение через канал from_spawned_task Some([110, 97, 109, 101, 0, 5, 83, 80, 65, 87, 78, 0, 1, 13, 1, 1, 1, 11, 20, 2, 36, 1])
[09-04-2024 09:47:46]:⚙ DEBUG -> Сервером получено сообщение от клиента 127.0.0.1:34968 через канал test_client_cmd
[09-04-2024 09:47:51]:⚙ DEBUG -> Отправка веерного сообщения клиентам
[09-04-2024 09:47:51]:⚙ DEBUG -> Сообщение отправлено в канал 1
[09-04-2024 09:47:51]:⚙ DEBUG -> Сообщение отправлено в канал 1
[09-04-2024 09:47:51]:⚙ DEBUG -> Сообщение отправлено в канал 1
[09-04-2024 09:47:51]:⚙ DEBUG -> Сообщение отправлено в канал 1
[09-04-2024 09:47:51]:⚙ DEBUG -> Отправка веерного сообщения клиентам
[09-04-2024 09:47:51]:⚙ DEBUG -> Сообщение отправлено в канал 2
[09-04-2024 09:47:51]:⚙ DEBUG -> Сообщение отправлено в канал 2
[09-04-2024 09:47:51]:⚙ DEBUG -> Сообщение отправлено в канал 2
[09-04-2024 09:47:51]:⚙ DEBUG -> Сообщение отправлено в канал 2
[09-04-2024 09:47:51]:⚙ DEBUG -> Отправка веерного сообщения клиентам
[09-04-2024 09:47:51]:⚙ DEBUG -> Сообщение отправлено в канал 3
[09-04-2024 09:47:51]:⚙ DEBUG -> Сообщение отправлено в канал 3
[09-04-2024 09:47:51]:⚙ DEBUG -> Сообщение отправлено в канал 3
[09-04-2024 09:47:51]:⚙ DEBUG -> Сообщение отправлено в канал 3
[09-04-2024 09:47:51]:⚙ DEBUG -> Клиентом4 полчено сообщение через канал test_server_cmd None
[09-04-2024 09:47:51]:⚙ DEBUG -> Клиентом4 полчено сообщение через канал with_payload1 Some([110, 97, 109, 101, 0, 4, 84, 69, 83, 84, 0, 1, 12, 1, 1, 1, 10, 20, 2, 36, 1])
[09-04-2024 09:47:51]:⚙ DEBUG -> Клиентом4 полчено сообщение через канал from_spawned_task Some([110, 97, 109, 101, 0, 5, 83, 80, 65, 87, 78, 0, 1, 13, 1, 1, 1, 11, 20, 2, 36, 1])
[09-04-2024 09:47:51]:⚙ DEBUG -> Клиентом3 полчено сообщение через канал test_server_cmd None
[09-04-2024 09:47:51]:⚙ DEBUG -> Клиентом3 полчено сообщение через канал with_payload1 Some([110, 97, 109, 101, 0, 4, 84, 69, 83, 84, 0, 1, 12, 1, 1, 1, 10, 20, 2, 36, 1])
[09-04-2024 09:47:51]:⚙ DEBUG -> Клиентом3 полчено сообщение через канал from_spawned_task Some([110, 97, 109, 101, 0, 5, 83, 80, 65, 87, 78, 0, 1, 13, 1, 1, 1, 11, 20, 2, 36, 1])
[09-04-2024 09:47:51]:⚙ DEBUG -> Клиентом1 полчено сообщение через канал test_server_cmd None
[09-04-2024 09:47:51]:⚙ DEBUG -> Клиентом1 полчено сообщение через канал with_payload1 Some([110, 97, 109, 101, 0, 4, 84, 69, 83, 84, 0, 1, 12, 1, 1, 1, 10, 20, 2, 36, 1])
[09-04-2024 09:47:51]:⚙ DEBUG -> Клиентом1 полчено сообщение через канал from_spawned_task Some([110, 97, 109, 101, 0, 5, 83, 80, 65, 87, 78, 0, 1, 13, 1, 1, 1, 11, 20, 2, 36, 1])
[09-04-2024 09:47:51]:⚙ DEBUG -> Клиентом2 полчено сообщение через канал test_server_cmd None
[09-04-2024 09:47:51]:⚙ DEBUG -> Клиентом2 полчено сообщение через канал with_payload1 Some([110, 97, 109, 101, 0, 4, 84, 69, 83, 84, 0, 1, 12, 1, 1, 1, 10, 20, 2, 36, 1])
[09-04-2024 09:47:51]:⚙ DEBUG -> Клиентом2 полчено сообщение через канал from_spawned_task Some([110, 97, 109, 101, 0, 5, 83, 80, 65, 87, 78, 0, 1, 13, 1, 1, 1, 11, 20, 2, 36, 1])
[09-04-2024 09:47:51]:⚙ DEBUG -> Сервером получено сообщение от клиента 127.0.0.1:34968 через канал test_client_cmd
[09-04-2024 09:47:56]:⚙ DEBUG -> Отправка веерного сообщения клиентам
[09-04-2024 09:47:56]:⚙ DEBUG -> Сообщение отправлено в канал 1
[09-04-2024 09:47:56]:⚙ DEBUG -> Сообщение отправлено в канал 1
[09-04-2024 09:47:56]:⚙ DEBUG -> Сообщение отправлено в канал 1
[09-04-2024 09:47:56]:⚙ DEBUG -> Сообщение отправлено в канал 1
[09-04-2024 09:47:56]:⚙ DEBUG -> Отправка веерного сообщения клиентам
[09-04-2024 09:47:56]:⚙ DEBUG -> Сообщение отправлено в канал 2
[09-04-2024 09:47:56]:⚙ DEBUG -> Сообщение отправлено в канал 2
[09-04-2024 09:47:56]:⚙ DEBUG -> Сообщение отправлено в канал 2
[09-04-2024 09:47:56]:⚙ DEBUG -> Сообщение отправлено в канал 2
[09-04-2024 09:47:56]:⚙ DEBUG -> Отправка веерного сообщения клиентам
[09-04-2024 09:47:56]:⚙ DEBUG -> Сообщение отправлено в канал 3
[09-04-2024 09:47:56]:⚙ DEBUG -> Сообщение отправлено в канал 3
[09-04-2024 09:47:56]:⚙ DEBUG -> Сообщение отправлено в канал 3
[09-04-2024 09:47:56]:⚙ DEBUG -> Сообщение отправлено в канал 3
[09-04-2024 09:47:56]:⚙ DEBUG -> Клиентом4 полчено сообщение через канал test_server_cmd None
[09-04-2024 09:47:56]:⚙ DEBUG -> Клиентом4 полчено сообщение через канал with_payload1 Some([110, 97, 109, 101, 0, 4, 84, 69, 83, 84, 0, 1, 12, 1, 1, 1, 10, 20, 2, 36, 1])
[09-04-2024 09:47:56]:⚙ DEBUG -> Клиентом4 полчено сообщение через канал from_spawned_task Some([110, 97, 109, 101, 0, 5, 83, 80, 65, 87, 78, 0, 1, 13, 1, 1, 1, 11, 20, 2, 36, 1])
[09-04-2024 09:47:56]:⚙ DEBUG -> Клиентом3 полчено сообщение через канал test_server_cmd None
[09-04-2024 09:47:56]:⚙ DEBUG -> Клиентом3 полчено сообщение через канал with_payload1 Some([110, 97, 109, 101, 0, 4, 84, 69, 83, 84, 0, 1, 12, 1, 1, 1, 10, 20, 2, 36, 1])
[09-04-2024 09:47:56]:⚙ DEBUG -> Клиентом3 полчено сообщение через канал from_spawned_task Some([110, 97, 109, 101, 0, 5, 83, 80, 65, 87, 78, 0, 1, 13, 1, 1, 1, 11, 20, 2, 36, 1])
[09-04-2024 09:47:56]:⚙ DEBUG -> Клиентом1 полчено сообщение через канал test_server_cmd None
[09-04-2024 09:47:56]:⚙ DEBUG -> Клиентом1 полчено сообщение через канал with_payload1 Some([110, 97, 109, 101, 0, 4, 84, 69, 83, 84, 0, 1, 12, 1, 1, 1, 10, 20, 2, 36, 1])
[09-04-2024 09:47:56]:⚙ DEBUG -> Клиентом1 полчено сообщение через канал from_spawned_task Some([110, 97, 109, 101, 0, 5, 83, 80, 65, 87, 78, 0, 1, 13, 1, 1, 1, 11, 20, 2, 36, 1])
[09-04-2024 09:47:56]:⚙ DEBUG -> Клиентом2 полчено сообщение через канал test_server_cmd None
[09-04-2024 09:47:56]:⚙ DEBUG -> Клиентом2 полчено сообщение через канал with_payload1 Some([110, 97, 109, 101, 0, 4, 84, 69, 83, 84, 0, 1, 12, 1, 1, 1, 10, 20, 2, 36, 1])
[09-04-2024 09:47:56]:⚙ DEBUG -> Клиентом2 полчено сообщение через канал from_spawned_task Some([110, 97, 109, 101, 0, 5, 83, 80, 65, 87, 78, 0, 1, 13, 1, 1, 1, 11, 20, 2, 36, 1])
[09-04-2024 09:47:56]:⚙ DEBUG -> Сервером получено сообщение от клиента 127.0.0.1:34968 через канал test_client_cmd
[09-04-2024 09:56:44]:⚙ DEBUG -> Старт сервера websocket...
[09-04-2024 09:56:44]:⚙ DEBUG -> Websocet доступен на : 127.0.0.1:3010
