[13-02-2024 09:55:05]:⚙ DEBUG -> Стартую websocket...
[13-02-2024 09:55:05]:⚙ DEBUG -> Websocet доступен на : 127.0.0.1:3010
[13-02-2024 09:56:15]:⚙ DEBUG -> Стартую websocket...
[13-02-2024 09:56:15]:⚙ DEBUG -> Websocet доступен на : 127.0.0.1:3010
[13-02-2024 09:58:04]:⚙ DEBUG -> НОВОЕ СОЕДИНЕНИЕ!
[13-02-2024 09:58:04]:⚙ DEBUG -> Получен новый ws handshake от 127.0.0.1:35322
[13-02-2024 09:58:04]:⚙ DEBUG -> Путь запроса: /
[13-02-2024 09:58:04]:⚙ DEBUG -> Хэдеры запроса:
[13-02-2024 09:58:04]:⚙ DEBUG -> * host: "127.0.0.1:3010"
[13-02-2024 09:58:04]:⚙ DEBUG -> * connection: "Upgrade"
[13-02-2024 09:58:04]:⚙ DEBUG -> * upgrade: "websocket"
[13-02-2024 09:58:04]:⚙ DEBUG -> * sec-websocket-version: "13"
[13-02-2024 09:58:04]:⚙ DEBUG -> * sec-websocket-key: "YRK8MwmvEMy7FusWEDcGnA=="
[13-02-2024 09:58:04]:⚙ DEBUG -> Server handshake done.
[13-02-2024 09:58:04]:⚙ DEBUG -> Новое websocket соединение: 127.0.0.1:35322
[13-02-2024 10:00:31]:⚙ DEBUG -> Стартую websocket...
[13-02-2024 10:00:31]:⚙ DEBUG -> Websocet доступен на : 127.0.0.1:3010
[13-02-2024 10:00:40]:⚙ DEBUG -> НОВОЕ СОЕДИНЕНИЕ!
[13-02-2024 10:00:40]:⚙ DEBUG -> Получен новый ws handshake от 127.0.0.1:49406
[13-02-2024 10:00:40]:⚙ DEBUG -> Путь запроса: /
[13-02-2024 10:00:40]:⚙ DEBUG -> Хэдеры запроса:
[13-02-2024 10:00:40]:⚙ DEBUG -> * host: "127.0.0.1:3010"
[13-02-2024 10:00:40]:⚙ DEBUG -> * connection: "Upgrade"
[13-02-2024 10:00:40]:⚙ DEBUG -> * upgrade: "websocket"
[13-02-2024 10:00:40]:⚙ DEBUG -> * sec-websocket-version: "13"
[13-02-2024 10:00:40]:⚙ DEBUG -> * sec-websocket-key: "ZOjEUZh04dNbpJzvx9W38g=="
[13-02-2024 10:00:40]:⚙ DEBUG -> Server handshake done.
[13-02-2024 10:00:40]:⚙ DEBUG -> Новое websocket соединение: 127.0.0.1:49406
[13-02-2024 15:23:36]:⚙ DEBUG -> Стартую websocket...
[13-02-2024 15:23:36]:⚙ DEBUG -> Websocet доступен на : 127.0.0.1:3010
[13-02-2024 15:23:41]:⚙ DEBUG -> НОВОЕ СОЕДИНЕНИЕ!
[13-02-2024 15:23:41]:⚙ DEBUG -> Получен новый ws handshake от 127.0.0.1:53386
[13-02-2024 15:23:41]:⚙ DEBUG -> Путь запроса: /
[13-02-2024 15:23:41]:⚙ DEBUG -> Хэдеры запроса:
[13-02-2024 15:23:41]:⚙ DEBUG -> * host: "127.0.0.1:3010"
[13-02-2024 15:23:41]:⚙ DEBUG -> * connection: "Upgrade"
[13-02-2024 15:23:41]:⚙ DEBUG -> * upgrade: "websocket"
[13-02-2024 15:23:41]:⚙ DEBUG -> * sec-websocket-version: "13"
[13-02-2024 15:23:41]:⚙ DEBUG -> * sec-websocket-key: "bLaiBg/Kn8OPAlHnjIHn6Q=="
[13-02-2024 15:23:41]:⚙ DEBUG -> Server handshake done.
[13-02-2024 15:23:41]:⚙ DEBUG -> Новое websocket соединение: 127.0.0.1:53386
[13-02-2024 15:23:41]:⚙ DEBUG -> Client handshake done.
[13-02-2024 15:23:41]:⚙ DEBUG -> * connection: Upgrade
[13-02-2024 15:23:41]:⚙ DEBUG -> * upgrade: websocket
[13-02-2024 15:23:41]:⚙ DEBUG -> * sec-websocket-accept: R7fez315VxQq0jooVdV/GidUFaQ=
[13-02-2024 15:23:41]:⚙ DEBUG -> * mycustomheader: :)
[13-02-2024 15:23:46]:⚙ DEBUG -> success: true, payload_type: string, payload: Some("тестовая строка")
[13-02-2024 15:23:51]:⚙ DEBUG -> success: true, payload_type: string, payload: Some("тестовая строка")
[13-02-2024 16:08:22]:⚙ DEBUG -> Стартую websocket...
[13-02-2024 16:08:22]:⚙ DEBUG -> Websocet доступен на : 127.0.0.1:3010
[13-02-2024 16:08:27]:⚙ DEBUG -> НОВОЕ СОЕДИНЕНИЕ!
[13-02-2024 16:08:27]:⚙ DEBUG -> Получен новый ws handshake от 127.0.0.1:50952
[13-02-2024 16:08:27]:⚙ DEBUG -> Путь запроса: /
[13-02-2024 16:08:27]:⚙ DEBUG -> Хэдеры запроса:
[13-02-2024 16:08:27]:⚙ DEBUG -> * host: "127.0.0.1:3010"
[13-02-2024 16:08:27]:⚙ DEBUG -> * connection: "Upgrade"
[13-02-2024 16:08:27]:⚙ DEBUG -> * upgrade: "websocket"
[13-02-2024 16:08:27]:⚙ DEBUG -> * sec-websocket-version: "13"
[13-02-2024 16:08:27]:⚙ DEBUG -> * sec-websocket-key: "/oP0OyLz9cxDxryK1XLn5A=="
[13-02-2024 16:08:27]:⚙ DEBUG -> Server handshake done.
[13-02-2024 16:08:27]:⚙ DEBUG -> Новое websocket соединение: 127.0.0.1:50952
[13-02-2024 16:08:27]:⚙ DEBUG -> Client handshake done.
[13-02-2024 16:08:27]:⚙ DEBUG -> * connection: Upgrade
[13-02-2024 16:08:27]:⚙ DEBUG -> * upgrade: websocket
[13-02-2024 16:08:27]:⚙ DEBUG -> * sec-websocket-accept: MoAi3xUxqaTvt/eFY2DHnlqjkHM=
[13-02-2024 16:08:27]:⚙ DEBUG -> * mycustomheader: :)
[13-02-2024 16:08:32]:⚙ DEBUG -> success: true, payload_type: string, payload: Some("тестовая строка")
[13-02-2024 16:08:37]:⚙ DEBUG -> success: true, payload_type: string, payload: Some("тестовая строка")
[13-02-2024 16:10:23]:⚙ DEBUG -> Стартую websocket...
[13-02-2024 16:10:23]:⚙ DEBUG -> Websocet доступен на : 127.0.0.1:3010
[13-02-2024 16:10:28]:⚙ DEBUG -> НОВОЕ СОЕДИНЕНИЕ!
[13-02-2024 16:10:28]:⚙ DEBUG -> Получен новый ws handshake от 127.0.0.1:50608
[13-02-2024 16:10:28]:⚙ DEBUG -> Путь запроса: /
[13-02-2024 16:10:28]:⚙ DEBUG -> Хэдеры запроса:
[13-02-2024 16:10:28]:⚙ DEBUG -> * host: "127.0.0.1:3010"
[13-02-2024 16:10:28]:⚙ DEBUG -> * connection: "Upgrade"
[13-02-2024 16:10:28]:⚙ DEBUG -> * upgrade: "websocket"
[13-02-2024 16:10:28]:⚙ DEBUG -> * sec-websocket-version: "13"
[13-02-2024 16:10:28]:⚙ DEBUG -> * sec-websocket-key: "9XU876QmzMxIDZolKRr53g=="
[13-02-2024 16:10:28]:⚙ DEBUG -> Server handshake done.
[13-02-2024 16:10:28]:⚙ DEBUG -> Новое websocket соединение: 127.0.0.1:50608
[13-02-2024 16:10:28]:⚙ DEBUG -> Client handshake done.
[13-02-2024 16:10:28]:⚙ DEBUG -> * connection: Upgrade
[13-02-2024 16:10:28]:⚙ DEBUG -> * upgrade: websocket
[13-02-2024 16:10:28]:⚙ DEBUG -> * sec-websocket-accept: DRSGsY2rnLG10pvH3e+yERUcfCA=
[13-02-2024 16:10:28]:⚙ DEBUG -> * mycustomheader: :)
[13-02-2024 16:10:33]:⚙ DEBUG -> success: true, payload_type: string, payload: Some("тестовая строка от сервера")
[13-02-2024 16:10:33]:⚙ DEBUG -> {"payload":"тестовая строка от клиента","payloadType":"string","success":true}
[13-02-2024 16:10:38]:⚙ DEBUG -> {"payload":"тестовая строка от клиента","payloadType":"string","success":true}
[13-02-2024 16:10:38]:⚙ DEBUG -> success: true, payload_type: string, payload: Some("тестовая строка от сервера")
[13-02-2024 16:10:43]:⚙ DEBUG -> {"payload":"тестовая строка от клиента","payloadType":"string","success":true}
[13-02-2024 16:10:43]:⚙ DEBUG -> success: true, payload_type: string, payload: Some("тестовая строка от сервера")
[13-02-2024 16:10:48]:⚙ DEBUG -> {"payload":"тестовая строка от клиента","payloadType":"string","success":true}
[13-02-2024 16:10:48]:⚙ DEBUG -> success: true, payload_type: string, payload: Some("тестовая строка от сервера")
[13-02-2024 16:10:53]:⚙ DEBUG -> {"payload":"тестовая строка от клиента","payloadType":"string","success":true}
[13-02-2024 16:10:53]:⚙ DEBUG -> success: true, payload_type: string, payload: Some("тестовая строка от сервера")
[13-02-2024 16:10:58]:⚙ DEBUG -> {"payload":"тестовая строка от клиента","payloadType":"string","success":true}
[13-02-2024 16:10:58]:⚙ DEBUG -> success: true, payload_type: string, payload: Some("тестовая строка от сервера")
[13-02-2024 17:00:44]:⚙ DEBUG -> Стартую websocket...
[13-02-2024 17:00:44]:⚙ DEBUG -> Websocet доступен на : 127.0.0.1:3010
[13-02-2024 17:00:49]:⚙ DEBUG -> НОВОЕ СОЕДИНЕНИЕ!
[13-02-2024 17:00:49]:⚙ DEBUG -> Получен новый ws handshake от 127.0.0.1:57704
[13-02-2024 17:00:49]:⚙ DEBUG -> Путь запроса: /
[13-02-2024 17:00:49]:⚙ DEBUG -> Хэдеры запроса:
[13-02-2024 17:00:49]:⚙ DEBUG -> * host: "127.0.0.1:3010"
[13-02-2024 17:00:49]:⚙ DEBUG -> * connection: "Upgrade"
[13-02-2024 17:00:49]:⚙ DEBUG -> * upgrade: "websocket"
[13-02-2024 17:00:49]:⚙ DEBUG -> * sec-websocket-version: "13"
[13-02-2024 17:00:49]:⚙ DEBUG -> * sec-websocket-key: "PgcS84nl0ySOBZo8wnHc2w=="
[13-02-2024 17:00:49]:⚙ DEBUG -> Server handshake done.
[13-02-2024 17:00:49]:⚙ DEBUG -> Client handshake done.
[13-02-2024 17:00:49]:⚙ DEBUG -> * connection: Upgrade
[13-02-2024 17:00:49]:⚙ DEBUG -> * upgrade: websocket
[13-02-2024 17:00:49]:⚙ DEBUG -> * sec-websocket-accept: UzwvWfTfU2P7OViXNZwzijAwv+8=
[13-02-2024 17:00:54]:⚙ DEBUG -> {"payload":"тестовая строка от клиента","payloadType":"string","success":true}
[13-02-2024 17:00:54]:⚙ DEBUG -> success: true, payload_type: string, payload: Some("тестовая строка от сервера")
[13-02-2024 17:00:59]:⚙ DEBUG -> {"payload":"тестовая строка от клиента","payloadType":"string","success":true}
[13-02-2024 17:00:59]:⚙ DEBUG -> success: true, payload_type: string, payload: Some("тестовая строка от сервера")
[13-02-2024 17:01:04]:⚙ DEBUG -> success: true, payload_type: string, payload: Some("тестовая строка от сервера")
[13-02-2024 17:01:04]:⚙ DEBUG -> {"payload":"тестовая строка от клиента","payloadType":"string","success":true}
[13-02-2024 17:01:09]:⚙ DEBUG -> {"payload":"тестовая строка от клиента","payloadType":"string","success":true}
[13-02-2024 17:01:09]:⚙ DEBUG -> success: true, payload_type: string, payload: Some("тестовая строка от сервера")
[13-02-2024 17:01:14]:⚙ DEBUG -> {"payload":"тестовая строка от клиента","payloadType":"string","success":true}
[13-02-2024 17:01:14]:⚙ DEBUG -> success: true, payload_type: string, payload: Some("тестовая строка от сервера")
[13-02-2024 17:01:19]:⚙ DEBUG -> {"payload":"тестовая строка от клиента","payloadType":"string","success":true}
[13-02-2024 17:01:19]:⚙ DEBUG -> success: true, payload_type: string, payload: Some("тестовая строка от сервера")
[13-02-2024 17:01:24]:⚙ DEBUG -> {"payload":"тестовая строка от клиента","payloadType":"string","success":true}
[13-02-2024 17:01:24]:⚙ DEBUG -> success: true, payload_type: string, payload: Some("тестовая строка от сервера")
[13-02-2024 17:02:32]:⚙ DEBUG -> Стартую websocket...
[13-02-2024 17:02:32]:⚙ DEBUG -> Websocet доступен на : 127.0.0.1:3010
[13-02-2024 17:02:37]:⚙ DEBUG -> НОВОЕ СОЕДИНЕНИЕ!
[13-02-2024 17:02:37]:⚙ DEBUG -> Получен новый ws handshake от 127.0.0.1:47616
[13-02-2024 17:02:37]:⚙ DEBUG -> Путь запроса: /
[13-02-2024 17:02:37]:⚙ DEBUG -> Хэдеры запроса:
[13-02-2024 17:02:37]:⚙ DEBUG -> * host: "127.0.0.1:3010"
[13-02-2024 17:02:37]:⚙ DEBUG -> * connection: "Upgrade"
[13-02-2024 17:02:37]:⚙ DEBUG -> * upgrade: "websocket"
[13-02-2024 17:02:37]:⚙ DEBUG -> * sec-websocket-version: "13"
[13-02-2024 17:02:37]:⚙ DEBUG -> * sec-websocket-key: "yI2hKQ4JmUoWL7eSgeCsAg=="
[13-02-2024 17:02:37]:⚙ DEBUG -> Server handshake done.
[13-02-2024 17:02:37]:⚙ DEBUG -> Client handshake done.
[13-02-2024 17:02:37]:⚙ DEBUG -> * connection: Upgrade
[13-02-2024 17:02:37]:⚙ DEBUG -> * upgrade: websocket
[13-02-2024 17:02:37]:⚙ DEBUG -> * sec-websocket-accept: L1A3NHuoo4WeDAkGugTUajXWcuQ=
[13-02-2024 17:05:17]:⚙ DEBUG -> Стартую websocket...
[13-02-2024 17:05:17]:⚙ DEBUG -> Websocet доступен на : 127.0.0.1:3010
[13-02-2024 17:05:22]:⚙ DEBUG -> НОВОЕ СОЕДИНЕНИЕ!
[13-02-2024 17:05:22]:⚙ DEBUG -> Получен новый ws handshake от 127.0.0.1:56536
[13-02-2024 17:05:22]:⚙ DEBUG -> Путь запроса: /
[13-02-2024 17:05:22]:⚙ DEBUG -> Хэдеры запроса:
[13-02-2024 17:05:22]:⚙ DEBUG -> * host: "127.0.0.1:3010"
[13-02-2024 17:05:22]:⚙ DEBUG -> * connection: "Upgrade"
[13-02-2024 17:05:22]:⚙ DEBUG -> * upgrade: "websocket"
[13-02-2024 17:05:22]:⚙ DEBUG -> * sec-websocket-version: "13"
[13-02-2024 17:05:22]:⚙ DEBUG -> * sec-websocket-key: "9bk692E45McLHaWQQjVl4Q=="
[13-02-2024 17:05:22]:⚙ DEBUG -> Server handshake done.
[13-02-2024 17:05:22]:⚙ DEBUG -> Client handshake done.
[13-02-2024 17:05:22]:⚙ DEBUG -> * connection: Upgrade
[13-02-2024 17:05:22]:⚙ DEBUG -> * upgrade: websocket
[13-02-2024 17:05:22]:⚙ DEBUG -> * sec-websocket-accept: +aqSkhTIodKeK1Y94vZhjtBkLGc=
[13-02-2024 17:05:27]:⚙ DEBUG -> success: true, payload_type: string, payload: Some("тестовая строка от сервера")
[13-02-2024 17:05:27]:⚙ DEBUG -> {"payload":"тестовая строка от клиента","payloadType":"string","success":true}
[13-02-2024 17:05:32]:⚙ DEBUG -> success: true, payload_type: string, payload: Some("тестовая строка от сервера")
[13-02-2024 17:05:32]:⚙ DEBUG -> {"payload":"тестовая строка от клиента","payloadType":"string","success":true}
[13-02-2024 17:05:37]:⚙ DEBUG -> {"payload":"тестовая строка от клиента","payloadType":"string","success":true}
[13-02-2024 17:05:37]:⚙ DEBUG -> success: true, payload_type: string, payload: Some("тестовая строка от сервера")
[13-02-2024 17:05:42]:⚙ DEBUG -> success: true, payload_type: string, payload: Some("тестовая строка от сервера")
[13-02-2024 17:05:42]:⚙ DEBUG -> {"payload":"тестовая строка от клиента","payloadType":"string","success":true}
[13-02-2024 17:05:47]:⚙ DEBUG -> {"payload":"тестовая строка от клиента","payloadType":"string","success":true}
[13-02-2024 17:05:47]:⚙ DEBUG -> success: true, payload_type: string, payload: Some("тестовая строка от сервера")
[13-02-2024 17:05:52]:⚙ DEBUG -> success: true, payload_type: string, payload: Some("тестовая строка от сервера")
[13-02-2024 17:05:52]:⚙ DEBUG -> {"payload":"тестовая строка от клиента","payloadType":"string","success":true}
[13-02-2024 17:05:57]:⚙ DEBUG -> {"payload":"тестовая строка от клиента","payloadType":"string","success":true}
[13-02-2024 17:05:57]:⚙ DEBUG -> success: true, payload_type: string, payload: Some("тестовая строка от сервера")
[13-02-2024 17:07:23]:⚙ DEBUG -> Стартую websocket...
[13-02-2024 17:07:23]:⚙ DEBUG -> Websocet доступен на : 127.0.0.1:3010
[13-02-2024 17:07:28]:⚙ DEBUG -> НОВОЕ СОЕДИНЕНИЕ!
[13-02-2024 17:07:28]:⚙ DEBUG -> Получен новый ws handshake от 127.0.0.1:60856
[13-02-2024 17:07:28]:⚙ DEBUG -> Путь запроса: /
[13-02-2024 17:07:28]:⚙ DEBUG -> Хэдеры запроса:
[13-02-2024 17:07:28]:⚙ DEBUG -> * host: "127.0.0.1:3010"
[13-02-2024 17:07:28]:⚙ DEBUG -> * connection: "Upgrade"
[13-02-2024 17:07:28]:⚙ DEBUG -> * upgrade: "websocket"
[13-02-2024 17:07:28]:⚙ DEBUG -> * sec-websocket-version: "13"
[13-02-2024 17:07:28]:⚙ DEBUG -> * sec-websocket-key: "jI+FKEfrQav2yDS00btyhw=="
[13-02-2024 17:07:28]:⚙ DEBUG -> Server handshake done.
[13-02-2024 17:07:28]:⚙ DEBUG -> Client handshake done.
[13-02-2024 17:07:28]:⚙ DEBUG -> * connection: Upgrade
[13-02-2024 17:07:28]:⚙ DEBUG -> * upgrade: websocket
[13-02-2024 17:07:28]:⚙ DEBUG -> * sec-websocket-accept: Ytu6hVcjdsqk4mpFsLIPvrnwNbo=
[13-02-2024 17:07:33]:⚙ DEBUG -> success: true, payload_type: string, payload: Some("тестовая строка от сервера")
[13-02-2024 17:07:33]:⚙ DEBUG -> {"payload":"тестовая строка от клиента","payloadType":"string","success":true}
[13-02-2024 17:07:33]:💬 Информация -> Полученный объект отправлен сервером в поток сообщений
[13-02-2024 17:07:38]:⚙ DEBUG -> {"payload":"тестовая строка от клиента","payloadType":"string","success":true}
[13-02-2024 17:07:38]:⚙ DEBUG -> success: true, payload_type: string, payload: Some("тестовая строка от сервера")
[13-02-2024 17:07:38]:💬 Информация -> Полученный объект отправлен сервером в поток сообщений
[13-02-2024 17:08:10]:⚙ DEBUG -> Стартую websocket...
[13-02-2024 17:08:10]:⚙ DEBUG -> Websocet доступен на : 127.0.0.1:3010
[13-02-2024 17:08:15]:⚙ DEBUG -> НОВОЕ СОЕДИНЕНИЕ!
[13-02-2024 17:08:15]:⚙ DEBUG -> Получен новый ws handshake от 127.0.0.1:43676
[13-02-2024 17:08:15]:⚙ DEBUG -> Путь запроса: /
[13-02-2024 17:08:15]:⚙ DEBUG -> Хэдеры запроса:
[13-02-2024 17:08:15]:⚙ DEBUG -> * host: "127.0.0.1:3010"
[13-02-2024 17:08:15]:⚙ DEBUG -> * connection: "Upgrade"
[13-02-2024 17:08:15]:⚙ DEBUG -> * upgrade: "websocket"
[13-02-2024 17:08:15]:⚙ DEBUG -> * sec-websocket-version: "13"
[13-02-2024 17:08:15]:⚙ DEBUG -> * sec-websocket-key: "44T/3wU9ailJ2qQLZ1qT+w=="
[13-02-2024 17:08:15]:⚙ DEBUG -> Server handshake done.
[13-02-2024 17:08:15]:⚙ DEBUG -> Client handshake done.
[13-02-2024 17:08:15]:⚙ DEBUG -> * connection: Upgrade
[13-02-2024 17:08:15]:⚙ DEBUG -> * upgrade: websocket
[13-02-2024 17:08:15]:⚙ DEBUG -> * sec-websocket-accept: /3kR/RzDuVdCLFv4kn/sHEFkfzQ=
[13-02-2024 17:08:20]:⚙ DEBUG -> success: true, payload_type: string, payload: Some("тестовая строка от сервера")
[13-02-2024 17:08:20]:⚙ DEBUG -> {"payload":"тестовая строка от клиента","payloadType":"string","success":true}
[13-02-2024 17:08:20]:💬 Информация -> Полученный объект отправлен сервером в поток сообщений 0
[13-02-2024 17:08:25]:⚙ DEBUG -> success: true, payload_type: string, payload: Some("тестовая строка от сервера")
[13-02-2024 17:08:25]:⚙ DEBUG -> {"payload":"тестовая строка от клиента","payloadType":"string","success":true}
[13-02-2024 17:08:25]:💬 Информация -> Полученный объект отправлен сервером в поток сообщений 0
[13-02-2024 17:08:30]:⚙ DEBUG -> {"payload":"тестовая строка от клиента","payloadType":"string","success":true}
[13-02-2024 17:08:30]:⚙ DEBUG -> success: true, payload_type: string, payload: Some("тестовая строка от сервера")
[13-02-2024 17:08:31]:💬 Информация -> Полученный объект отправлен сервером в поток сообщений 0
[13-02-2024 17:09:45]:⚙ DEBUG -> Стартую websocket...
[13-02-2024 17:09:45]:⚙ DEBUG -> Websocet доступен на : 127.0.0.1:3010
[13-02-2024 17:09:50]:⚙ DEBUG -> НОВОЕ СОЕДИНЕНИЕ!
[13-02-2024 17:09:50]:⚙ DEBUG -> Получен новый ws handshake от 127.0.0.1:35112
[13-02-2024 17:09:50]:⚙ DEBUG -> Путь запроса: /
[13-02-2024 17:09:50]:⚙ DEBUG -> Хэдеры запроса:
[13-02-2024 17:09:50]:⚙ DEBUG -> * host: "127.0.0.1:3010"
[13-02-2024 17:09:50]:⚙ DEBUG -> * connection: "Upgrade"
[13-02-2024 17:09:50]:⚙ DEBUG -> * upgrade: "websocket"
[13-02-2024 17:09:50]:⚙ DEBUG -> * sec-websocket-version: "13"
[13-02-2024 17:09:50]:⚙ DEBUG -> * sec-websocket-key: "XE6dVWx+HES21D/yiyypCQ=="
[13-02-2024 17:09:50]:⚙ DEBUG -> Server handshake done.
[13-02-2024 17:09:50]:⚙ DEBUG -> Client handshake done.
[13-02-2024 17:09:50]:⚙ DEBUG -> * connection: Upgrade
[13-02-2024 17:09:50]:⚙ DEBUG -> * upgrade: websocket
[13-02-2024 17:09:50]:⚙ DEBUG -> * sec-websocket-accept: 2c/Il75pabNge3iPrMs8JcERu04=
[13-02-2024 17:09:55]:⚙ DEBUG -> {"payload":"тестовая строка от клиента","payloadType":"string","success":true}
[13-02-2024 17:09:55]:⚙ DEBUG -> success: true, payload_type: string, payload: Some("тестовая строка от сервера")
[13-02-2024 17:09:55]:💬 Информация -> Полученный объект отправлен сервером в поток сообщений 1
[13-02-2024 17:09:55]:💬 Информация -> Получено сообщение сервером (fn on_receive_msg) 127.0.0.1:35112 Some("тестовая строка от клиента")
[13-02-2024 17:10:00]:⚙ DEBUG -> {"payload":"тестовая строка от клиента","payloadType":"string","success":true}
[13-02-2024 17:10:00]:💬 Информация -> Полученный объект отправлен сервером в поток сообщений 1
[13-02-2024 17:10:00]:💬 Информация -> Получено сообщение сервером (fn on_receive_msg) 127.0.0.1:35112 Some("тестовая строка от клиента")
[13-02-2024 17:10:00]:⚙ DEBUG -> success: true, payload_type: string, payload: Some("тестовая строка от сервера")
[13-02-2024 17:10:05]:⚙ DEBUG -> {"payload":"тестовая строка от клиента","payloadType":"string","success":true}
[13-02-2024 17:10:05]:⚙ DEBUG -> success: true, payload_type: string, payload: Some("тестовая строка от сервера")
[13-02-2024 17:10:05]:💬 Информация -> Полученный объект отправлен сервером в поток сообщений 1
[13-02-2024 17:10:05]:💬 Информация -> Получено сообщение сервером (fn on_receive_msg) 127.0.0.1:35112 Some("тестовая строка от клиента")
[13-02-2024 17:10:10]:⚙ DEBUG -> {"payload":"тестовая строка от клиента","payloadType":"string","success":true}
[13-02-2024 17:10:10]:💬 Информация -> Полученный объект отправлен сервером в поток сообщений 1
[13-02-2024 17:10:10]:⚙ DEBUG -> success: true, payload_type: string, payload: Some("тестовая строка от сервера")
[13-02-2024 17:10:10]:💬 Информация -> Получено сообщение сервером (fn on_receive_msg) 127.0.0.1:35112 Some("тестовая строка от клиента")
[13-02-2024 17:10:15]:⚙ DEBUG -> {"payload":"тестовая строка от клиента","payloadType":"string","success":true}
[13-02-2024 17:10:15]:💬 Информация -> Полученный объект отправлен сервером в поток сообщений 1
[13-02-2024 17:10:15]:💬 Информация -> Получено сообщение сервером (fn on_receive_msg) 127.0.0.1:35112 Some("тестовая строка от клиента")
[13-02-2024 17:10:15]:⚙ DEBUG -> success: true, payload_type: string, payload: Some("тестовая строка от сервера")
[13-02-2024 17:10:20]:⚙ DEBUG -> {"payload":"тестовая строка от клиента","payloadType":"string","success":true}
[13-02-2024 17:10:20]:💬 Информация -> Полученный объект отправлен сервером в поток сообщений 1
[13-02-2024 17:10:20]:💬 Информация -> Получено сообщение сервером (fn on_receive_msg) 127.0.0.1:35112 Some("тестовая строка от клиента")
[13-02-2024 17:10:20]:⚙ DEBUG -> success: true, payload_type: string, payload: Some("тестовая строка от сервера")
[13-02-2024 17:10:25]:⚙ DEBUG -> success: true, payload_type: string, payload: Some("тестовая строка от сервера")
[13-02-2024 17:10:25]:⚙ DEBUG -> {"payload":"тестовая строка от клиента","payloadType":"string","success":true}
[13-02-2024 17:10:25]:💬 Информация -> Полученный объект отправлен сервером в поток сообщений 1
[13-02-2024 17:10:25]:💬 Информация -> Получено сообщение сервером (fn on_receive_msg) 127.0.0.1:35112 Some("тестовая строка от клиента")
[13-02-2024 17:10:30]:⚙ DEBUG -> {"payload":"тестовая строка от клиента","payloadType":"string","success":true}
[13-02-2024 17:10:30]:⚙ DEBUG -> success: true, payload_type: string, payload: Some("тестовая строка от сервера")
[13-02-2024 17:10:30]:💬 Информация -> Полученный объект отправлен сервером в поток сообщений 1
[13-02-2024 17:10:30]:💬 Информация -> Получено сообщение сервером (fn on_receive_msg) 127.0.0.1:35112 Some("тестовая строка от клиента")
[13-02-2024 17:10:35]:⚙ DEBUG -> {"payload":"тестовая строка от клиента","payloadType":"string","success":true}
[13-02-2024 17:10:35]:💬 Информация -> Полученный объект отправлен сервером в поток сообщений 1
[13-02-2024 17:10:35]:⚙ DEBUG -> success: true, payload_type: string, payload: Some("тестовая строка от сервера")
[13-02-2024 17:10:35]:💬 Информация -> Получено сообщение сервером (fn on_receive_msg) 127.0.0.1:35112 Some("тестовая строка от клиента")
[13-02-2024 17:13:24]:⚙ DEBUG -> Стартую websocket...
[13-02-2024 17:13:24]:⚙ DEBUG -> Websocet доступен на : 127.0.0.1:3010
[13-02-2024 17:13:29]:⚙ DEBUG -> НОВОЕ СОЕДИНЕНИЕ!
[13-02-2024 17:13:29]:⚙ DEBUG -> Получен новый ws handshake от 127.0.0.1:35000
[13-02-2024 17:13:29]:⚙ DEBUG -> Путь запроса: /
[13-02-2024 17:13:29]:⚙ DEBUG -> Хэдеры запроса:
[13-02-2024 17:13:29]:⚙ DEBUG -> * host: "127.0.0.1:3010"
[13-02-2024 17:13:29]:⚙ DEBUG -> * connection: "Upgrade"
[13-02-2024 17:13:29]:⚙ DEBUG -> * upgrade: "websocket"
[13-02-2024 17:13:29]:⚙ DEBUG -> * sec-websocket-version: "13"
[13-02-2024 17:13:29]:⚙ DEBUG -> * sec-websocket-key: "ri8dqthBOlrSpm2YWsQp1Q=="
[13-02-2024 17:13:29]:⚙ DEBUG -> Server handshake done.
[13-02-2024 17:13:29]:⚙ DEBUG -> Client handshake done.
[13-02-2024 17:13:29]:⚙ DEBUG -> * connection: Upgrade
[13-02-2024 17:13:29]:⚙ DEBUG -> * upgrade: websocket
[13-02-2024 17:13:29]:⚙ DEBUG -> * sec-websocket-accept: wV7SY5Sg+JOrK/GWeFhs7NZksOM=
[13-02-2024 17:13:34]:⚙ DEBUG -> Сервером получено сообщение: {"payload":"тестовая строка от клиента","payloadType":"string","success":true}
[13-02-2024 17:13:34]:⚙ DEBUG -> success: true, payload_type: string, payload: Some("тестовая строка от сервера")
[13-02-2024 17:13:34]:⚙ DEBUG -> Полученный объект отправлен сервером в поток сообщений 1
[13-02-2024 17:13:34]:💬 Информация -> Получено сообщение сервером (fn on_receive_msg) 127.0.0.1:35000 Some("тестовая строка от клиента")
[13-02-2024 17:13:39]:⚙ DEBUG -> Сервером получено сообщение: {"payload":"тестовая строка от клиента","payloadType":"string","success":true}
[13-02-2024 17:13:39]:⚙ DEBUG -> success: true, payload_type: string, payload: Some("тестовая строка от сервера")
[13-02-2024 17:13:39]:⚙ DEBUG -> Полученный объект отправлен сервером в поток сообщений 1
[13-02-2024 17:13:39]:💬 Информация -> Получено сообщение сервером (fn on_receive_msg) 127.0.0.1:35000 Some("тестовая строка от клиента")
[13-02-2024 17:13:44]:⚙ DEBUG -> Сервером получено сообщение: {"payload":"тестовая строка от клиента","payloadType":"string","success":true}
[13-02-2024 17:13:44]:⚙ DEBUG -> Полученный объект отправлен сервером в поток сообщений 1
[13-02-2024 17:13:44]:💬 Информация -> Получено сообщение сервером (fn on_receive_msg) 127.0.0.1:35000 Some("тестовая строка от клиента")
[13-02-2024 17:13:44]:⚙ DEBUG -> success: true, payload_type: string, payload: Some("тестовая строка от сервера")
[13-02-2024 17:13:49]:⚙ DEBUG -> success: true, payload_type: string, payload: Some("тестовая строка от сервера")
[13-02-2024 17:13:49]:⚙ DEBUG -> Сервером получено сообщение: {"payload":"тестовая строка от клиента","payloadType":"string","success":true}
[13-02-2024 17:13:49]:⚙ DEBUG -> Полученный объект отправлен сервером в поток сообщений 1
[13-02-2024 17:13:49]:💬 Информация -> Получено сообщение сервером (fn on_receive_msg) 127.0.0.1:35000 Some("тестовая строка от клиента")
[13-02-2024 17:13:54]:⚙ DEBUG -> Сервером получено сообщение: {"payload":"тестовая строка от клиента","payloadType":"string","success":true}
[13-02-2024 17:13:54]:⚙ DEBUG -> Полученный объект отправлен сервером в поток сообщений 1
[13-02-2024 17:13:54]:💬 Информация -> Получено сообщение сервером (fn on_receive_msg) 127.0.0.1:35000 Some("тестовая строка от клиента")
[13-02-2024 17:13:54]:⚙ DEBUG -> success: true, payload_type: string, payload: Some("тестовая строка от сервера")
[13-02-2024 17:13:59]:⚙ DEBUG -> Сервером получено сообщение: {"payload":"тестовая строка от клиента","payloadType":"string","success":true}
[13-02-2024 17:13:59]:⚙ DEBUG -> Полученный объект отправлен сервером в поток сообщений 1
[13-02-2024 17:13:59]:⚙ DEBUG -> success: true, payload_type: string, payload: Some("тестовая строка от сервера")
[13-02-2024 17:13:59]:💬 Информация -> Получено сообщение сервером (fn on_receive_msg) 127.0.0.1:35000 Some("тестовая строка от клиента")
[13-02-2024 17:18:12]:⚙ DEBUG -> Стартую websocket...
[13-02-2024 17:18:12]:⚙ DEBUG -> Websocet доступен на : 127.0.0.1:3010
[13-02-2024 17:18:17]:⚙ DEBUG -> НОВОЕ СОЕДИНЕНИЕ!
[13-02-2024 17:18:17]:⚙ DEBUG -> Получен новый ws handshake от 127.0.0.1:34212
[13-02-2024 17:18:17]:⚙ DEBUG -> Путь запроса: /
[13-02-2024 17:18:17]:⚙ DEBUG -> Хэдеры запроса:
[13-02-2024 17:18:17]:⚙ DEBUG -> * host: "127.0.0.1:3010"
[13-02-2024 17:18:17]:⚙ DEBUG -> * connection: "Upgrade"
[13-02-2024 17:18:17]:⚙ DEBUG -> * upgrade: "websocket"
[13-02-2024 17:18:17]:⚙ DEBUG -> * sec-websocket-version: "13"
[13-02-2024 17:18:17]:⚙ DEBUG -> * sec-websocket-key: "4au5cw6iN/yRZ+6F+FnXSA=="
[13-02-2024 17:18:17]:⚙ DEBUG -> Server handshake done.
[13-02-2024 17:18:17]:⚙ DEBUG -> Client handshake done.
[13-02-2024 17:18:17]:⚙ DEBUG -> * connection: Upgrade
[13-02-2024 17:18:17]:⚙ DEBUG -> * upgrade: websocket
[13-02-2024 17:18:17]:⚙ DEBUG -> * sec-websocket-accept: Bjux8bTeB5Vg+M4Ql1ooGYEoQ1I=
[13-02-2024 17:18:22]:⚙ DEBUG -> Сервером получено сообщение: {"payload":"тестовая строка от клиента","payloadType":"string","success":true}
[13-02-2024 17:18:22]:⚙ DEBUG -> success: true, payload_type: string, payload: Some("тестовая строка от сервера")
[13-02-2024 17:18:22]:⚙ DEBUG -> Полученный объект отправлен сервером в поток сообщений 1
[13-02-2024 17:18:22]:💬 Информация -> Получено сообщение сервером (fn on_receive_msg) 127.0.0.1:34212 Some("тестовая строка от клиента")
[13-02-2024 17:18:27]:⚙ DEBUG -> Сервером получено сообщение: {"payload":"тестовая строка от клиента","payloadType":"string","success":true}
[13-02-2024 17:18:27]:⚙ DEBUG -> success: true, payload_type: string, payload: Some("тестовая строка от сервера")
[13-02-2024 17:18:27]:⚙ DEBUG -> Полученный объект отправлен сервером в поток сообщений 1
[13-02-2024 17:18:27]:💬 Информация -> Получено сообщение сервером (fn on_receive_msg) 127.0.0.1:34212 Some("тестовая строка от клиента")
[13-02-2024 17:18:32]:⚙ DEBUG -> Сервером получено сообщение: {"payload":"тестовая строка от клиента","payloadType":"string","success":true}
[13-02-2024 17:18:32]:⚙ DEBUG -> Полученный объект отправлен сервером в поток сообщений 1
[13-02-2024 17:18:32]:💬 Информация -> Получено сообщение сервером (fn on_receive_msg) 127.0.0.1:34212 Some("тестовая строка от клиента")
[13-02-2024 17:18:32]:⚙ DEBUG -> success: true, payload_type: string, payload: Some("тестовая строка от сервера")
[13-02-2024 17:34:28]:⚙ DEBUG -> Стартую websocket...
[13-02-2024 17:34:28]:⚙ DEBUG -> Websocet доступен на : 127.0.0.1:3010
[13-02-2024 17:34:33]:⚙ DEBUG -> НОВОЕ СОЕДИНЕНИЕ!
[13-02-2024 17:34:33]:⚙ DEBUG -> Получен новый ws handshake от 127.0.0.1:53478
[13-02-2024 17:34:33]:⚙ DEBUG -> Путь запроса: /
[13-02-2024 17:34:33]:⚙ DEBUG -> Хэдеры запроса:
[13-02-2024 17:34:33]:⚙ DEBUG -> * host: "127.0.0.1:3010"
[13-02-2024 17:34:33]:⚙ DEBUG -> * connection: "Upgrade"
[13-02-2024 17:34:33]:⚙ DEBUG -> * upgrade: "websocket"
[13-02-2024 17:34:33]:⚙ DEBUG -> * sec-websocket-version: "13"
[13-02-2024 17:34:33]:⚙ DEBUG -> * sec-websocket-key: "xzEwshGkTjJgnpC2PLvOTQ=="
[13-02-2024 17:34:33]:⚙ DEBUG -> Server handshake done.
[13-02-2024 17:34:33]:⚙ DEBUG -> Client handshake done.
[13-02-2024 17:34:33]:⚙ DEBUG -> * connection: Upgrade
[13-02-2024 17:34:33]:⚙ DEBUG -> * upgrade: websocket
[13-02-2024 17:34:33]:⚙ DEBUG -> * sec-websocket-accept: YO2q/+aOW5NcVsKL2yWAa0ECFkI=
[13-02-2024 17:34:38]:⚙ DEBUG -> Сервером получено сообщение: {"payload":"тестовая строка от клиента","payloadType":"string","success":true}
[13-02-2024 17:34:38]:⚙ DEBUG -> success: true, payload_type: string, payload: Some("тестовая строка от сервера")
[13-02-2024 17:34:38]:⚙ DEBUG -> Полученный объект отправлен сервером в поток сообщений 1
[13-02-2024 17:34:38]:💬 Информация -> Получено сообщение сервером (fn on_receive_msg) 127.0.0.1:53478 Some("тестовая строка от клиента")
[13-02-2024 17:34:38]:💬 Информация -> Клиентом получено новое сообщение Some("тестовая строка от сервера")
[13-02-2024 17:34:43]:⚙ DEBUG -> success: true, payload_type: string, payload: Some("тестовая строка от сервера")
[13-02-2024 17:34:43]:💬 Информация -> Клиентом получено новое сообщение Some("тестовая строка от сервера")
[13-02-2024 17:34:43]:⚙ DEBUG -> Сервером получено сообщение: {"payload":"тестовая строка от клиента","payloadType":"string","success":true}
[13-02-2024 17:34:43]:⚙ DEBUG -> Полученный объект отправлен сервером в поток сообщений 1
[13-02-2024 17:34:43]:💬 Информация -> Получено сообщение сервером (fn on_receive_msg) 127.0.0.1:53478 Some("тестовая строка от клиента")
[13-02-2024 17:34:48]:⚙ DEBUG -> Сервером получено сообщение: {"payload":"тестовая строка от клиента","payloadType":"string","success":true}
[13-02-2024 17:34:48]:⚙ DEBUG -> success: true, payload_type: string, payload: Some("тестовая строка от сервера")
[13-02-2024 17:34:48]:⚙ DEBUG -> Полученный объект отправлен сервером в поток сообщений 1
[13-02-2024 17:34:48]:💬 Информация -> Клиентом получено новое сообщение Some("тестовая строка от сервера")
[13-02-2024 17:34:48]:💬 Информация -> Получено сообщение сервером (fn on_receive_msg) 127.0.0.1:53478 Some("тестовая строка от клиента")
