[15-02-2024 00:00:01]:⚙ DEBUG -> Сервером получено сообщение: {"payload":"тестовая строка от клиента","payloadType":"string","success":true}
[15-02-2024 00:00:01]:⚙ DEBUG -> Клиентом получено сообщение: success: true, payload_type: string, payload: Some("тестовая строка от сервера")
[15-02-2024 00:00:01]:💬 Информация -> Клиентом получено новое сообщение Some("тестовая строка от сервера")
[15-02-2024 00:00:01]:💬 Информация -> Получено сообщение сервером (fn on_receive_msg) 127.0.0.1:44812 Some("тестовая строка от клиента")
[15-02-2024 00:00:01]:⚙ DEBUG -> Клиентом получено сообщение: success: true, payload_type: string, payload: Some("{\"success\":true,\"age\":18,\"legacy\":\"Тестирование передачи структуры через ws\"}")
[15-02-2024 00:00:01]:💬 Информация -> Клиентом получено новое сообщение Some("{\"success\":true,\"age\":18,\"legacy\":\"Тестирование передачи структуры через ws\"}")
[15-02-2024 00:01:27]:⚙ DEBUG -> Стартую websocket...
[15-02-2024 00:01:27]:⚙ DEBUG -> Websocet доступен на : 127.0.0.1:3010
[15-02-2024 00:01:32]:⚙ DEBUG -> Получен новый ws handshake от 127.0.0.1:58488
[15-02-2024 00:01:32]:⚙ DEBUG -> Путь запроса: /sender
[15-02-2024 00:01:32]:⚙ DEBUG -> Хэдеры запроса:
[15-02-2024 00:01:32]:⚙ DEBUG -> * host: "127.0.0.1:3010"
[15-02-2024 00:01:32]:⚙ DEBUG -> * connection: "Upgrade"
[15-02-2024 00:01:32]:⚙ DEBUG -> * upgrade: "websocket"
[15-02-2024 00:01:32]:⚙ DEBUG -> * sec-websocket-version: "13"
[15-02-2024 00:01:32]:⚙ DEBUG -> * sec-websocket-key: "+F0w3kehun/t/hfe1fTQiA=="
[15-02-2024 00:01:32]:⚙ DEBUG -> Server handshake done.
[15-02-2024 00:01:32]:⚙ DEBUG -> Client handshake done.
[15-02-2024 00:01:32]:⚙ DEBUG -> * connection: Upgrade
[15-02-2024 00:01:32]:⚙ DEBUG -> * upgrade: websocket
[15-02-2024 00:01:32]:⚙ DEBUG -> * sec-websocket-accept: QyBS4cBLB1/lQ6CEky92vSV942Y=
[15-02-2024 00:01:37]:⚙ DEBUG -> Клиентом получено сообщение: success: true, payload_type: string, payload: Some("тестовая строка от сервера")
[15-02-2024 00:01:37]:⚙ DEBUG -> Сервером получено сообщение: {"payload":"тестовая строка от клиента","payloadType":"string","success":true}
[15-02-2024 00:01:37]:💬 Информация -> Клиентом получено новое сообщение Some("тестовая строка от сервера")
[15-02-2024 00:01:37]:⚙ DEBUG -> Cообщение добавлено в очередь сообщений 1
[15-02-2024 00:01:37]:⚙ DEBUG -> Клиентом получено сообщение: success: true, payload_type: string, payload: Some("{\"success\":true,\"age\":18,\"legacy\":\"Тестирование передачи структуры через ws\"}")
[15-02-2024 00:01:37]:💬 Информация -> Клиентом получено новое сообщение Some("{\"success\":true,\"age\":18,\"legacy\":\"Тестирование передачи структуры через ws\"}")
[15-02-2024 00:01:37]:💬 Информация -> Получено сообщение сервером (fn on_receive_msg) 127.0.0.1:58488 Some("тестовая строка от клиента")
[15-02-2024 00:01:42]:⚙ DEBUG -> Сервером получено сообщение: {"payload":"тестовая строка от клиента","payloadType":"string","success":true}
[15-02-2024 00:01:42]:⚙ DEBUG -> Клиентом получено сообщение: success: true, payload_type: string, payload: Some("тестовая строка от сервера")
[15-02-2024 00:01:42]:⚙ DEBUG -> Cообщение добавлено в очередь сообщений 1
[15-02-2024 00:01:42]:💬 Информация -> Получено сообщение сервером (fn on_receive_msg) 127.0.0.1:58488 Some("тестовая строка от клиента")
[15-02-2024 00:01:42]:💬 Информация -> Клиентом получено новое сообщение Some("тестовая строка от сервера")
[15-02-2024 00:01:42]:⚙ DEBUG -> Клиентом получено сообщение: success: true, payload_type: string, payload: Some("{\"success\":true,\"age\":18,\"legacy\":\"Тестирование передачи структуры через ws\"}")
[15-02-2024 00:01:42]:💬 Информация -> Клиентом получено новое сообщение Some("{\"success\":true,\"age\":18,\"legacy\":\"Тестирование передачи структуры через ws\"}")
[15-02-2024 00:01:47]:⚙ DEBUG -> Сервером получено сообщение: {"payload":"тестовая строка от клиента","payloadType":"string","success":true}
[15-02-2024 00:01:47]:⚙ DEBUG -> Клиентом получено сообщение: success: true, payload_type: string, payload: Some("тестовая строка от сервера")
[15-02-2024 00:01:47]:💬 Информация -> Клиентом получено новое сообщение Some("тестовая строка от сервера")
[15-02-2024 00:01:47]:⚙ DEBUG -> Cообщение добавлено в очередь сообщений 1
[15-02-2024 00:01:47]:⚙ DEBUG -> Клиентом получено сообщение: success: true, payload_type: string, payload: Some("{\"success\":true,\"age\":18,\"legacy\":\"Тестирование передачи структуры через ws\"}")
[15-02-2024 00:01:47]:💬 Информация -> Получено сообщение сервером (fn on_receive_msg) 127.0.0.1:58488 Some("тестовая строка от клиента")
[15-02-2024 00:01:47]:💬 Информация -> Клиентом получено новое сообщение Some("{\"success\":true,\"age\":18,\"legacy\":\"Тестирование передачи структуры через ws\"}")
[15-02-2024 00:02:05]:⚙ DEBUG -> Стартую websocket...
[15-02-2024 00:02:05]:⚙ DEBUG -> Websocet доступен на : 127.0.0.1:3010
[15-02-2024 00:02:10]:⚙ DEBUG -> Получен новый ws handshake от 127.0.0.1:35448
[15-02-2024 00:02:10]:⚙ DEBUG -> Путь запроса: /sender
[15-02-2024 00:02:10]:⚙ DEBUG -> Хэдеры запроса:
[15-02-2024 00:02:10]:⚙ DEBUG -> * host: "127.0.0.1:3010"
[15-02-2024 00:02:10]:⚙ DEBUG -> * connection: "Upgrade"
[15-02-2024 00:02:10]:⚙ DEBUG -> * upgrade: "websocket"
[15-02-2024 00:02:10]:⚙ DEBUG -> * sec-websocket-version: "13"
[15-02-2024 00:02:10]:⚙ DEBUG -> * sec-websocket-key: "ucc5UwOae6Dgg13s/7U4Ww=="
[15-02-2024 00:02:10]:⚙ DEBUG -> Server handshake done.
[15-02-2024 00:02:10]:⚙ DEBUG -> Client handshake done.
[15-02-2024 00:02:10]:⚙ DEBUG -> * connection: Upgrade
[15-02-2024 00:02:10]:⚙ DEBUG -> * upgrade: websocket
[15-02-2024 00:02:10]:⚙ DEBUG -> * sec-websocket-accept: qR7+MH1xLHUtEcKEp3kSgA+Jih4=
[15-02-2024 00:02:15]:⚙ DEBUG -> Клиентом получено сообщение: success: true, payload_type: string, payload: Some("тестовая строка от сервера")
[15-02-2024 00:02:15]:💬 Информация -> Клиентом получено новое сообщение Some("тестовая строка от сервера")
[15-02-2024 00:02:15]:⚙ DEBUG -> Сервером получено сообщение: {"payload":"тестовая строка от клиента","payloadType":"string","success":true}
[15-02-2024 00:02:15]:⚙ DEBUG -> Клиентом получено сообщение: success: true, payload_type: string, payload: Some("{\"success\":true,\"age\":18,\"legacy\":\"Тестирование передачи структуры через ws\"}")
[15-02-2024 00:02:15]:💬 Информация -> Клиентом получено новое сообщение Some("{\"success\":true,\"age\":18,\"legacy\":\"Тестирование передачи структуры через ws\"}")
[15-02-2024 00:02:20]:⚙ DEBUG -> Сервером получено сообщение: {"payload":"тестовая строка от клиента","payloadType":"string","success":true}
[15-02-2024 00:02:20]:⚙ DEBUG -> Клиентом получено сообщение: success: true, payload_type: string, payload: Some("тестовая строка от сервера")
[15-02-2024 00:02:20]:💬 Информация -> Клиентом получено новое сообщение Some("тестовая строка от сервера")
[15-02-2024 00:02:20]:⚙ DEBUG -> Клиентом получено сообщение: success: true, payload_type: string, payload: Some("{\"success\":true,\"age\":18,\"legacy\":\"Тестирование передачи структуры через ws\"}")
[15-02-2024 00:02:20]:💬 Информация -> Клиентом получено новое сообщение Some("{\"success\":true,\"age\":18,\"legacy\":\"Тестирование передачи структуры через ws\"}")
[15-02-2024 00:02:25]:⚙ DEBUG -> Клиентом получено сообщение: success: true, payload_type: string, payload: Some("тестовая строка от сервера")
[15-02-2024 00:02:25]:💬 Информация -> Клиентом получено новое сообщение Some("тестовая строка от сервера")
[15-02-2024 00:02:25]:⚙ DEBUG -> Клиентом получено сообщение: success: true, payload_type: string, payload: Some("{\"success\":true,\"age\":18,\"legacy\":\"Тестирование передачи структуры через ws\"}")
[15-02-2024 00:02:25]:⚙ DEBUG -> Сервером получено сообщение: {"payload":"тестовая строка от клиента","payloadType":"string","success":true}
[15-02-2024 00:02:25]:💬 Информация -> Клиентом получено новое сообщение Some("{\"success\":true,\"age\":18,\"legacy\":\"Тестирование передачи структуры через ws\"}")
[15-02-2024 00:02:30]:⚙ DEBUG -> Клиентом получено сообщение: success: true, payload_type: string, payload: Some("тестовая строка от сервера")
[15-02-2024 00:02:30]:💬 Информация -> Клиентом получено новое сообщение Some("тестовая строка от сервера")
[15-02-2024 00:02:30]:⚙ DEBUG -> Сервером получено сообщение: {"payload":"тестовая строка от клиента","payloadType":"string","success":true}
[15-02-2024 00:02:30]:⚙ DEBUG -> Клиентом получено сообщение: success: true, payload_type: string, payload: Some("{\"success\":true,\"age\":18,\"legacy\":\"Тестирование передачи структуры через ws\"}")
[15-02-2024 00:02:30]:💬 Информация -> Клиентом получено новое сообщение Some("{\"success\":true,\"age\":18,\"legacy\":\"Тестирование передачи структуры через ws\"}")
[15-02-2024 00:02:35]:⚙ DEBUG -> Сервером получено сообщение: {"payload":"тестовая строка от клиента","payloadType":"string","success":true}
[15-02-2024 00:02:35]:⚙ DEBUG -> Клиентом получено сообщение: success: true, payload_type: string, payload: Some("тестовая строка от сервера")
[15-02-2024 00:02:35]:💬 Информация -> Клиентом получено новое сообщение Some("тестовая строка от сервера")
[15-02-2024 00:02:35]:⚙ DEBUG -> Клиентом получено сообщение: success: true, payload_type: string, payload: Some("{\"success\":true,\"age\":18,\"legacy\":\"Тестирование передачи структуры через ws\"}")
[15-02-2024 00:02:35]:💬 Информация -> Клиентом получено новое сообщение Some("{\"success\":true,\"age\":18,\"legacy\":\"Тестирование передачи структуры через ws\"}")
[15-02-2024 00:02:40]:⚙ DEBUG -> Сервером получено сообщение: {"payload":"тестовая строка от клиента","payloadType":"string","success":true}
[15-02-2024 00:02:40]:⚙ DEBUG -> Клиентом получено сообщение: success: true, payload_type: string, payload: Some("тестовая строка от сервера")
[15-02-2024 00:02:40]:💬 Информация -> Клиентом получено новое сообщение Some("тестовая строка от сервера")
[15-02-2024 00:02:40]:⚙ DEBUG -> Клиентом получено сообщение: success: true, payload_type: string, payload: Some("{\"success\":true,\"age\":18,\"legacy\":\"Тестирование передачи структуры через ws\"}")
[15-02-2024 00:02:40]:💬 Информация -> Клиентом получено новое сообщение Some("{\"success\":true,\"age\":18,\"legacy\":\"Тестирование передачи структуры через ws\"}")
[15-02-2024 00:02:45]:⚙ DEBUG -> Сервером получено сообщение: {"payload":"тестовая строка от клиента","payloadType":"string","success":true}
[15-02-2024 00:02:45]:⚙ DEBUG -> Клиентом получено сообщение: success: true, payload_type: string, payload: Some("тестовая строка от сервера")
[15-02-2024 00:02:45]:💬 Информация -> Клиентом получено новое сообщение Some("тестовая строка от сервера")
[15-02-2024 00:02:45]:⚙ DEBUG -> Клиентом получено сообщение: success: true, payload_type: string, payload: Some("{\"success\":true,\"age\":18,\"legacy\":\"Тестирование передачи структуры через ws\"}")
[15-02-2024 00:02:45]:💬 Информация -> Клиентом получено новое сообщение Some("{\"success\":true,\"age\":18,\"legacy\":\"Тестирование передачи структуры через ws\"}")
[15-02-2024 00:02:50]:⚙ DEBUG -> Клиентом получено сообщение: success: true, payload_type: string, payload: Some("тестовая строка от сервера")
[15-02-2024 00:02:50]:⚙ DEBUG -> Сервером получено сообщение: {"payload":"тестовая строка от клиента","payloadType":"string","success":true}
[15-02-2024 00:02:50]:💬 Информация -> Клиентом получено новое сообщение Some("тестовая строка от сервера")
[15-02-2024 00:02:50]:⚙ DEBUG -> Клиентом получено сообщение: success: true, payload_type: string, payload: Some("{\"success\":true,\"age\":18,\"legacy\":\"Тестирование передачи структуры через ws\"}")
[15-02-2024 00:02:50]:💬 Информация -> Клиентом получено новое сообщение Some("{\"success\":true,\"age\":18,\"legacy\":\"Тестирование передачи структуры через ws\"}")
