[12-04-2024 09:43:35]:⚙ DEBUG -> Старт сервера websocket...
[12-04-2024 09:43:35]:⚙ DEBUG -> Websocet доступен на : 127.0.0.1:3010
[12-04-2024 09:43:40]:⚙ DEBUG -> Server handshake done.
[12-04-2024 09:43:40]:⚙ DEBUG -> Server handshake done.
[12-04-2024 09:43:40]:⚙ DEBUG -> Server handshake done.
[12-04-2024 09:43:40]:⚙ DEBUG -> Server handshake done.
[12-04-2024 09:43:40]:⚙ DEBUG -> Client handshake done.
[12-04-2024 09:43:40]:⚙ DEBUG -> Рукопожатие с сервером успешно
[12-04-2024 09:43:40]:⚙ DEBUG -> * connection: Upgrade
[12-04-2024 09:43:40]:⚙ DEBUG -> * upgrade: websocket
[12-04-2024 09:43:40]:⚙ DEBUG -> * sec-websocket-accept: q1AD8CFxuyLpCDjhNYkDsUs5jcg=
[12-04-2024 09:43:40]:⚙ DEBUG -> Client handshake done.
[12-04-2024 09:43:40]:⚙ DEBUG -> Рукопожатие с сервером успешно
[12-04-2024 09:43:40]:⚙ DEBUG -> * connection: Upgrade
[12-04-2024 09:43:40]:⚙ DEBUG -> * upgrade: websocket
[12-04-2024 09:43:40]:⚙ DEBUG -> * sec-websocket-accept: +8cuN2B6TfgMk/VQCJUQGaY7bn4=
[12-04-2024 09:43:40]:⚙ DEBUG -> Client handshake done.
[12-04-2024 09:43:40]:⚙ DEBUG -> Рукопожатие с сервером успешно
[12-04-2024 09:43:40]:⚙ DEBUG -> * connection: Upgrade
[12-04-2024 09:43:40]:⚙ DEBUG -> * upgrade: websocket
[12-04-2024 09:43:40]:⚙ DEBUG -> * sec-websocket-accept: 3vPGRGe0xEnNEXZfzCrCaotkB94=
[12-04-2024 09:43:40]:⚙ DEBUG -> Client handshake done.
[12-04-2024 09:43:40]:⚙ DEBUG -> Рукопожатие с сервером успешно
[12-04-2024 09:43:40]:⚙ DEBUG -> * connection: Upgrade
[12-04-2024 09:43:40]:⚙ DEBUG -> * upgrade: websocket
[12-04-2024 09:43:40]:⚙ DEBUG -> * sec-websocket-accept: TtG9iIsrYriKqip2UECFRdzyF2E=
[12-04-2024 09:43:50]:💬 Информация -> 1000 итераций теста завершено за: 258.015059ms, 
