[14-02-2024 22:59:08]:⚙ DEBUG -> Стартую websocket...
[14-02-2024 22:59:08]:⚙ DEBUG -> Websocet доступен на : 127.0.0.1:3010
[14-02-2024 22:59:13]:⚙ DEBUG -> Получен новый ws handshake от 127.0.0.1:60972
[14-02-2024 22:59:13]:⚙ DEBUG -> Путь запроса: /
[14-02-2024 22:59:13]:⚙ DEBUG -> Хэдеры запроса:
[14-02-2024 22:59:13]:⚙ DEBUG -> * host: "127.0.0.1:3010"
[14-02-2024 22:59:13]:⚙ DEBUG -> * connection: "Upgrade"
[14-02-2024 22:59:13]:⚙ DEBUG -> * upgrade: "websocket"
[14-02-2024 22:59:13]:⚙ DEBUG -> * sec-websocket-version: "13"
[14-02-2024 22:59:13]:⚙ DEBUG -> * sec-websocket-key: "ATGuNyOhEcbGvOFR+Ld4hw=="
[14-02-2024 22:59:13]:⚙ DEBUG -> Server handshake done.
[14-02-2024 22:59:13]:⚙ DEBUG -> Client handshake done.
[14-02-2024 22:59:13]:⚙ DEBUG -> * connection: Upgrade
[14-02-2024 22:59:13]:⚙ DEBUG -> * upgrade: websocket
[14-02-2024 22:59:13]:⚙ DEBUG -> * sec-websocket-accept: MbQJTV1OMT0w//uQh8GsFicSJc0=
[14-02-2024 22:59:18]:⚙ DEBUG -> Клиентом получено сообщение: success: true, payload_type: string, payload: Some("тестовая строка от сервера")
[14-02-2024 22:59:18]:💬 Информация -> Клиентом получено новое сообщение Some("тестовая строка от сервера")
[14-02-2024 22:59:18]:⚙ DEBUG -> Клиентом получено сообщение: success: true, payload_type: TestStruct, payload: Some("{\n  \"success\": true,\n  \"age\": 18,\n  \"legacy\": \"Тестирование передачи структуры через ws\"\n}")
[14-02-2024 22:59:18]:💬 Информация -> Клиентом получено новое сообщение Some("{\n  \"success\": true,\n  \"age\": 18,\n  \"legacy\": \"Тестирование передачи структуры через ws\"\n}")
[14-02-2024 22:59:18]:⚙ DEBUG -> Сервером получено сообщение: {"payload":"тестовая строка от клиента","payloadType":"string","success":true}
[14-02-2024 22:59:18]:💬 Информация -> Получено сообщение сервером (fn on_receive_msg) 127.0.0.1:60972 Some("тестовая строка от клиента")
[14-02-2024 22:59:23]:⚙ DEBUG -> Сервером получено сообщение: {"payload":"тестовая строка от клиента","payloadType":"string","success":true}
[14-02-2024 22:59:23]:💬 Информация -> Получено сообщение сервером (fn on_receive_msg) 127.0.0.1:60972 Some("тестовая строка от клиента")
[14-02-2024 22:59:23]:⚙ DEBUG -> Клиентом получено сообщение: success: true, payload_type: string, payload: Some("тестовая строка от сервера")
[14-02-2024 22:59:23]:💬 Информация -> Клиентом получено новое сообщение Some("тестовая строка от сервера")
[14-02-2024 22:59:23]:⚙ DEBUG -> Клиентом получено сообщение: success: true, payload_type: TestStruct, payload: Some("{\n  \"success\": true,\n  \"age\": 18,\n  \"legacy\": \"Тестирование передачи структуры через ws\"\n}")
[14-02-2024 22:59:23]:💬 Информация -> Клиентом получено новое сообщение Some("{\n  \"success\": true,\n  \"age\": 18,\n  \"legacy\": \"Тестирование передачи структуры через ws\"\n}")
[14-02-2024 22:59:28]:⚙ DEBUG -> Сервером получено сообщение: {"payload":"тестовая строка от клиента","payloadType":"string","success":true}
[14-02-2024 22:59:28]:⚙ DEBUG -> Клиентом получено сообщение: success: true, payload_type: string, payload: Some("тестовая строка от сервера")
[14-02-2024 22:59:28]:💬 Информация -> Клиентом получено новое сообщение Some("тестовая строка от сервера")
[14-02-2024 22:59:28]:💬 Информация -> Получено сообщение сервером (fn on_receive_msg) 127.0.0.1:60972 Some("тестовая строка от клиента")
[14-02-2024 22:59:28]:⚙ DEBUG -> Клиентом получено сообщение: success: true, payload_type: TestStruct, payload: Some("{\n  \"success\": true,\n  \"age\": 18,\n  \"legacy\": \"Тестирование передачи структуры через ws\"\n}")
[14-02-2024 22:59:28]:💬 Информация -> Клиентом получено новое сообщение Some("{\n  \"success\": true,\n  \"age\": 18,\n  \"legacy\": \"Тестирование передачи структуры через ws\"\n}")
[14-02-2024 22:59:33]:⚙ DEBUG -> Сервером получено сообщение: {"payload":"тестовая строка от клиента","payloadType":"string","success":true}
[14-02-2024 22:59:33]:⚙ DEBUG -> Клиентом получено сообщение: success: true, payload_type: string, payload: Some("тестовая строка от сервера")
[14-02-2024 22:59:33]:💬 Информация -> Клиентом получено новое сообщение Some("тестовая строка от сервера")
[14-02-2024 22:59:33]:💬 Информация -> Получено сообщение сервером (fn on_receive_msg) 127.0.0.1:60972 Some("тестовая строка от клиента")
[14-02-2024 22:59:33]:⚙ DEBUG -> Клиентом получено сообщение: success: true, payload_type: TestStruct, payload: Some("{\n  \"success\": true,\n  \"age\": 18,\n  \"legacy\": \"Тестирование передачи структуры через ws\"\n}")
[14-02-2024 22:59:33]:💬 Информация -> Клиентом получено новое сообщение Some("{\n  \"success\": true,\n  \"age\": 18,\n  \"legacy\": \"Тестирование передачи структуры через ws\"\n}")
[14-02-2024 22:59:38]:⚙ DEBUG -> Сервером получено сообщение: {"payload":"тестовая строка от клиента","payloadType":"string","success":true}
[14-02-2024 22:59:38]:⚙ DEBUG -> Клиентом получено сообщение: success: true, payload_type: string, payload: Some("тестовая строка от сервера")
[14-02-2024 22:59:38]:💬 Информация -> Получено сообщение сервером (fn on_receive_msg) 127.0.0.1:60972 Some("тестовая строка от клиента")
[14-02-2024 22:59:38]:💬 Информация -> Клиентом получено новое сообщение Some("тестовая строка от сервера")
[14-02-2024 22:59:38]:⚙ DEBUG -> Клиентом получено сообщение: success: true, payload_type: TestStruct, payload: Some("{\n  \"success\": true,\n  \"age\": 18,\n  \"legacy\": \"Тестирование передачи структуры через ws\"\n}")
[14-02-2024 22:59:38]:💬 Информация -> Клиентом получено новое сообщение Some("{\n  \"success\": true,\n  \"age\": 18,\n  \"legacy\": \"Тестирование передачи структуры через ws\"\n}")
[14-02-2024 22:59:43]:⚙ DEBUG -> Клиентом получено сообщение: success: true, payload_type: string, payload: Some("тестовая строка от сервера")
[14-02-2024 22:59:43]:💬 Информация -> Клиентом получено новое сообщение Some("тестовая строка от сервера")
[14-02-2024 22:59:43]:⚙ DEBUG -> Клиентом получено сообщение: success: true, payload_type: TestStruct, payload: Some("{\n  \"success\": true,\n  \"age\": 18,\n  \"legacy\": \"Тестирование передачи структуры через ws\"\n}")
[14-02-2024 22:59:43]:💬 Информация -> Клиентом получено новое сообщение Some("{\n  \"success\": true,\n  \"age\": 18,\n  \"legacy\": \"Тестирование передачи структуры через ws\"\n}")
[14-02-2024 22:59:43]:⚙ DEBUG -> Сервером получено сообщение: {"payload":"тестовая строка от клиента","payloadType":"string","success":true}
[14-02-2024 22:59:43]:💬 Информация -> Получено сообщение сервером (fn on_receive_msg) 127.0.0.1:60972 Some("тестовая строка от клиента")
[14-02-2024 23:00:55]:⚙ DEBUG -> Стартую websocket...
[14-02-2024 23:00:55]:⚙ DEBUG -> Websocet доступен на : 127.0.0.1:3010
[14-02-2024 23:01:00]:⚙ DEBUG -> Получен новый ws handshake от 127.0.0.1:56104
[14-02-2024 23:01:00]:⚙ DEBUG -> Путь запроса: /sender
[14-02-2024 23:01:00]:⚙ DEBUG -> Хэдеры запроса:
[14-02-2024 23:01:00]:⚙ DEBUG -> * host: "127.0.0.1:3010"
[14-02-2024 23:01:00]:⚙ DEBUG -> * connection: "Upgrade"
[14-02-2024 23:01:00]:⚙ DEBUG -> * upgrade: "websocket"
[14-02-2024 23:01:00]:⚙ DEBUG -> * sec-websocket-version: "13"
[14-02-2024 23:01:00]:⚙ DEBUG -> * sec-websocket-key: "wTh47O/h+PrJjpYTJ3sMrA=="
[14-02-2024 23:01:00]:⚙ DEBUG -> Client handshake done.
[14-02-2024 23:01:00]:⚙ DEBUG -> * connection: Upgrade
[14-02-2024 23:01:00]:⚙ DEBUG -> * upgrade: websocket
[14-02-2024 23:01:00]:⚙ DEBUG -> * sec-websocket-accept: 2Qvuk9vio70Hsmq+kegXC/bAsKM=
[14-02-2024 23:01:00]:⚙ DEBUG -> Server handshake done.
[14-02-2024 23:01:05]:⚙ DEBUG -> Клиентом получено сообщение: success: true, payload_type: string, payload: Some("тестовая строка от сервера")
[14-02-2024 23:01:05]:⚙ DEBUG -> Сервером получено сообщение: {"payload":"тестовая строка от клиента","payloadType":"string","success":true}
[14-02-2024 23:01:05]:💬 Информация -> Получено сообщение сервером (fn on_receive_msg) 127.0.0.1:56104 Some("тестовая строка от клиента")
[14-02-2024 23:01:05]:💬 Информация -> Клиентом получено новое сообщение Some("тестовая строка от сервера")
[14-02-2024 23:01:05]:⚙ DEBUG -> Клиентом получено сообщение: success: true, payload_type: TestStruct, payload: Some("{\n  \"success\": true,\n  \"age\": 18,\n  \"legacy\": \"Тестирование передачи структуры через ws\"\n}")
[14-02-2024 23:01:05]:💬 Информация -> Клиентом получено новое сообщение Some("{\n  \"success\": true,\n  \"age\": 18,\n  \"legacy\": \"Тестирование передачи структуры через ws\"\n}")
[14-02-2024 23:30:39]:⚙ DEBUG -> Стартую websocket...
[14-02-2024 23:30:39]:⚙ DEBUG -> Websocet доступен на : 127.0.0.1:3010
[14-02-2024 23:30:44]:⚙ DEBUG -> Получен новый ws handshake от 127.0.0.1:42270
[14-02-2024 23:30:44]:⚙ DEBUG -> Путь запроса: /sender
[14-02-2024 23:30:44]:⚙ DEBUG -> Хэдеры запроса:
[14-02-2024 23:30:44]:⚙ DEBUG -> * host: "127.0.0.1:3010"
[14-02-2024 23:30:44]:⚙ DEBUG -> * connection: "Upgrade"
[14-02-2024 23:30:44]:⚙ DEBUG -> * upgrade: "websocket"
[14-02-2024 23:30:44]:⚙ DEBUG -> * sec-websocket-version: "13"
[14-02-2024 23:30:44]:⚙ DEBUG -> * sec-websocket-key: "duunupDY5pEtH/joYkEfOw=="
[14-02-2024 23:30:44]:⚙ DEBUG -> Server handshake done.
[14-02-2024 23:30:44]:⚙ DEBUG -> Client handshake done.
[14-02-2024 23:30:44]:⚙ DEBUG -> * connection: Upgrade
[14-02-2024 23:30:44]:⚙ DEBUG -> * upgrade: websocket
[14-02-2024 23:30:44]:⚙ DEBUG -> * sec-websocket-accept: 7e2QZdhjJazRlZCV2gA5PLjSswU=
[14-02-2024 23:30:49]:⚙ DEBUG -> Клиентом получено сообщение: success: true, payload_type: string, payload: Some("тестовая строка от сервера")
[14-02-2024 23:30:49]:⚙ DEBUG -> Сервером получено сообщение: {"payload":"тестовая строка от клиента","payloadType":"string","success":true}
[14-02-2024 23:30:49]:💬 Информация -> Клиентом получено новое сообщение Some("тестовая строка от сервера")
[14-02-2024 23:30:49]:💬 Информация -> Получено сообщение сервером (fn on_receive_msg) 127.0.0.1:42270 Some("тестовая строка от клиента")
[14-02-2024 23:30:49]:⚙ DEBUG -> Клиентом получено сообщение: success: true, payload_type: object, payload: Some("{\"success\":true,\"age\":18,\"legacy\":\"Тестирование передачи структуры через ws\"}")
[14-02-2024 23:30:49]:💬 Информация -> Клиентом получено новое сообщение Some("{\"success\":true,\"age\":18,\"legacy\":\"Тестирование передачи структуры через ws\"}")
[14-02-2024 23:30:54]:⚙ DEBUG -> Клиентом получено сообщение: success: true, payload_type: string, payload: Some("тестовая строка от сервера")
[14-02-2024 23:30:54]:⚙ DEBUG -> Сервером получено сообщение: {"payload":"тестовая строка от клиента","payloadType":"string","success":true}
[14-02-2024 23:30:54]:💬 Информация -> Клиентом получено новое сообщение Some("тестовая строка от сервера")
[14-02-2024 23:30:54]:💬 Информация -> Получено сообщение сервером (fn on_receive_msg) 127.0.0.1:42270 Some("тестовая строка от клиента")
[14-02-2024 23:30:54]:⚙ DEBUG -> Клиентом получено сообщение: success: true, payload_type: object, payload: Some("{\"success\":true,\"age\":18,\"legacy\":\"Тестирование передачи структуры через ws\"}")
[14-02-2024 23:30:54]:💬 Информация -> Клиентом получено новое сообщение Some("{\"success\":true,\"age\":18,\"legacy\":\"Тестирование передачи структуры через ws\"}")
[14-02-2024 23:30:59]:⚙ DEBUG -> Сервером получено сообщение: {"payload":"тестовая строка от клиента","payloadType":"string","success":true}
[14-02-2024 23:30:59]:⚙ DEBUG -> Клиентом получено сообщение: success: true, payload_type: string, payload: Some("тестовая строка от сервера")
[14-02-2024 23:30:59]:💬 Информация -> Получено сообщение сервером (fn on_receive_msg) 127.0.0.1:42270 Some("тестовая строка от клиента")
[14-02-2024 23:30:59]:💬 Информация -> Клиентом получено новое сообщение Some("тестовая строка от сервера")
[14-02-2024 23:30:59]:⚙ DEBUG -> Клиентом получено сообщение: success: true, payload_type: object, payload: Some("{\"success\":true,\"age\":18,\"legacy\":\"Тестирование передачи структуры через ws\"}")
[14-02-2024 23:30:59]:💬 Информация -> Клиентом получено новое сообщение Some("{\"success\":true,\"age\":18,\"legacy\":\"Тестирование передачи структуры через ws\"}")
[14-02-2024 23:31:04]:⚙ DEBUG -> Клиентом получено сообщение: success: true, payload_type: string, payload: Some("тестовая строка от сервера")
[14-02-2024 23:31:04]:⚙ DEBUG -> Сервером получено сообщение: {"payload":"тестовая строка от клиента","payloadType":"string","success":true}
[14-02-2024 23:31:04]:💬 Информация -> Клиентом получено новое сообщение Some("тестовая строка от сервера")
[14-02-2024 23:31:04]:💬 Информация -> Получено сообщение сервером (fn on_receive_msg) 127.0.0.1:42270 Some("тестовая строка от клиента")
[14-02-2024 23:31:04]:⚙ DEBUG -> Клиентом получено сообщение: success: true, payload_type: object, payload: Some("{\"success\":true,\"age\":18,\"legacy\":\"Тестирование передачи структуры через ws\"}")
[14-02-2024 23:31:04]:💬 Информация -> Клиентом получено новое сообщение Some("{\"success\":true,\"age\":18,\"legacy\":\"Тестирование передачи структуры через ws\"}")
[14-02-2024 23:40:24]:⚙ DEBUG -> Стартую websocket...
[14-02-2024 23:40:24]:⚙ DEBUG -> Websocet доступен на : 127.0.0.1:3010
[14-02-2024 23:40:29]:⚙ DEBUG -> Получен новый ws handshake от 127.0.0.1:57532
[14-02-2024 23:40:29]:⚙ DEBUG -> Путь запроса: /sender
[14-02-2024 23:40:29]:⚙ DEBUG -> Хэдеры запроса:
[14-02-2024 23:40:29]:⚙ DEBUG -> * host: "127.0.0.1:3010"
[14-02-2024 23:40:29]:⚙ DEBUG -> * connection: "Upgrade"
[14-02-2024 23:40:29]:⚙ DEBUG -> * upgrade: "websocket"
[14-02-2024 23:40:29]:⚙ DEBUG -> * sec-websocket-version: "13"
[14-02-2024 23:40:29]:⚙ DEBUG -> * sec-websocket-key: "MxLzJpbcsRYvCAfaI3b0JQ=="
[14-02-2024 23:40:29]:⚙ DEBUG -> Server handshake done.
[14-02-2024 23:40:29]:⚙ DEBUG -> Client handshake done.
[14-02-2024 23:40:29]:⚙ DEBUG -> * connection: Upgrade
[14-02-2024 23:40:29]:⚙ DEBUG -> * upgrade: websocket
[14-02-2024 23:40:29]:⚙ DEBUG -> * sec-websocket-accept: CN/S+XIr9Aks8jgsMj6VL6fKlOE=
[14-02-2024 23:40:34]:⚙ DEBUG -> Клиентом получено сообщение: success: true, payload_type: string, payload: Some("тестовая строка от сервера")
[14-02-2024 23:40:34]:⚙ DEBUG -> Сервером получено сообщение: {"payload":"тестовая строка от клиента","payloadType":"string","success":true}
[14-02-2024 23:40:34]:💬 Информация -> Клиентом получено новое сообщение Some("тестовая строка от сервера")
[14-02-2024 23:40:34]:💬 Информация -> Получено сообщение сервером (fn on_receive_msg) 127.0.0.1:57532 Some("тестовая строка от клиента")
[14-02-2024 23:40:34]:⚙ DEBUG -> Клиентом получено сообщение: success: true, payload_type: object, payload: Some("{\"success\":true,\"age\":18,\"legacy\":\"Тестирование передачи структуры через ws\"}")
[14-02-2024 23:40:34]:💬 Информация -> Клиентом получено новое сообщение Some("{\"success\":true,\"age\":18,\"legacy\":\"Тестирование передачи структуры через ws\"}")
[14-02-2024 23:59:36]:⚙ DEBUG -> Стартую websocket...
[14-02-2024 23:59:36]:⚙ DEBUG -> Websocet доступен на : 127.0.0.1:3010
[14-02-2024 23:59:41]:⚙ DEBUG -> Получен новый ws handshake от 127.0.0.1:44812
[14-02-2024 23:59:41]:⚙ DEBUG -> Путь запроса: /sender
[14-02-2024 23:59:41]:⚙ DEBUG -> Хэдеры запроса:
[14-02-2024 23:59:41]:⚙ DEBUG -> * host: "127.0.0.1:3010"
[14-02-2024 23:59:41]:⚙ DEBUG -> * connection: "Upgrade"
[14-02-2024 23:59:41]:⚙ DEBUG -> * upgrade: "websocket"
[14-02-2024 23:59:41]:⚙ DEBUG -> * sec-websocket-version: "13"
[14-02-2024 23:59:41]:⚙ DEBUG -> * sec-websocket-key: "b9p4dLWUJUtkI/UbBmuHTQ=="
[14-02-2024 23:59:41]:⚙ DEBUG -> Server handshake done.
[14-02-2024 23:59:41]:⚙ DEBUG -> Client handshake done.
[14-02-2024 23:59:41]:⚙ DEBUG -> * connection: Upgrade
[14-02-2024 23:59:41]:⚙ DEBUG -> * upgrade: websocket
[14-02-2024 23:59:41]:⚙ DEBUG -> * sec-websocket-accept: tZrcqbVwoZ8vvIGxty1QqVP4Ybk=
[14-02-2024 23:59:46]:⚙ DEBUG -> Сервером получено сообщение: {"payload":"тестовая строка от клиента","payloadType":"string","success":true}
[14-02-2024 23:59:46]:⚙ DEBUG -> Клиентом получено сообщение: success: true, payload_type: string, payload: Some("тестовая строка от сервера")
[14-02-2024 23:59:46]:💬 Информация -> Клиентом получено новое сообщение Some("тестовая строка от сервера")
[14-02-2024 23:59:46]:💬 Информация -> Получено сообщение сервером (fn on_receive_msg) 127.0.0.1:44812 Some("тестовая строка от клиента")
[14-02-2024 23:59:46]:⚙ DEBUG -> Клиентом получено сообщение: success: true, payload_type: string, payload: Some("{\"success\":true,\"age\":18,\"legacy\":\"Тестирование передачи структуры через ws\"}")
[14-02-2024 23:59:46]:💬 Информация -> Клиентом получено новое сообщение Some("{\"success\":true,\"age\":18,\"legacy\":\"Тестирование передачи структуры через ws\"}")
[14-02-2024 23:59:51]:⚙ DEBUG -> Сервером получено сообщение: {"payload":"тестовая строка от клиента","payloadType":"string","success":true}
[14-02-2024 23:59:51]:⚙ DEBUG -> Клиентом получено сообщение: success: true, payload_type: string, payload: Some("тестовая строка от сервера")
[14-02-2024 23:59:51]:💬 Информация -> Клиентом получено новое сообщение Some("тестовая строка от сервера")
[14-02-2024 23:59:51]:⚙ DEBUG -> Клиентом получено сообщение: success: true, payload_type: string, payload: Some("{\"success\":true,\"age\":18,\"legacy\":\"Тестирование передачи структуры через ws\"}")
[14-02-2024 23:59:51]:💬 Информация -> Клиентом получено новое сообщение Some("{\"success\":true,\"age\":18,\"legacy\":\"Тестирование передачи структуры через ws\"}")
[14-02-2024 23:59:51]:💬 Информация -> Получено сообщение сервером (fn on_receive_msg) 127.0.0.1:44812 Some("тестовая строка от клиента")
[14-02-2024 23:59:56]:⚙ DEBUG -> Клиентом получено сообщение: success: true, payload_type: string, payload: Some("тестовая строка от сервера")
[14-02-2024 23:59:56]:⚙ DEBUG -> Сервером получено сообщение: {"payload":"тестовая строка от клиента","payloadType":"string","success":true}
[14-02-2024 23:59:56]:💬 Информация -> Клиентом получено новое сообщение Some("тестовая строка от сервера")
[14-02-2024 23:59:56]:💬 Информация -> Получено сообщение сервером (fn on_receive_msg) 127.0.0.1:44812 Some("тестовая строка от клиента")
[14-02-2024 23:59:56]:⚙ DEBUG -> Клиентом получено сообщение: success: true, payload_type: string, payload: Some("{\"success\":true,\"age\":18,\"legacy\":\"Тестирование передачи структуры через ws\"}")
[14-02-2024 23:59:56]:💬 Информация -> Клиентом получено новое сообщение Some("{\"success\":true,\"age\":18,\"legacy\":\"Тестирование передачи структуры через ws\"}")
